abr. 28, 2026 10:54:59 P. M. domain.GameLogger info
INFO: GameLogger inicializado correctamente
abr. 28, 2026 10:55:21 P. M. domain.GameLogger info
INFO: Nivel 'Nivel 1 - Tutorial' cargado: 3 monedas, 2 enemigos
abr. 28, 2026 10:55:21 P. M. domain.GameLogger info
INFO: Juego iniciado en modo: Un Jugador
abr. 28, 2026 10:56:01 P. M. domain.GameLogger info
INFO: Nivel 0 completado por charlie
abr. 28, 2026 10:56:08 P. M. domain.GameLogger info
INFO: Nivel 'Nivel 2 - Intermedio' cargado: 5 monedas, 3 enemigos
abr. 28, 2026 10:56:12 P. M. domain.GameLogger info
INFO: charlie murio. Muertes: 1
abr. 28, 2026 10:56:26 P. M. domain.GameLogger info
INFO: Nivel 1 completado por charlie
abr. 28, 2026 10:56:28 P. M. domain.GameLogger info
INFO: Nivel 'Nivel 3 - Dificil' cargado: 7 monedas, 5 enemigos
abr. 28, 2026 10:56:48 P. M. domain.GameLogger info
INFO: charlie murio. Muertes: 2
abr. 28, 2026 10:56:50 P. M. domain.GameLogger info
INFO: charlie murio. Muertes: 3
abr. 28, 2026 10:57:04 P. M. domain.GameLogger info
INFO: Nivel 2 completado por charlie
abr. 28, 2026 10:57:07 P. M. domain.GameLogger info
INFO: Victoria! Todos los niveles completados
abr. 28, 2026 10:57:16 P. M. domain.GameLogger info
INFO: Nivel 'Nivel 1 - Tutorial' cargado: 3 monedas, 2 enemigos
abr. 28, 2026 10:57:16 P. M. domain.GameLogger info
INFO: Juego iniciado en modo: Un Jugador
abr. 28, 2026 10:57:20 P. M. domain.GameLogger info
INFO: Nivel 0 completado por charlie
abr. 28, 2026 10:57:22 P. M. domain.GameLogger info
INFO: Nivel 'Nivel 2 - Intermedio' cargado: 5 monedas, 3 enemigos
abr. 28, 2026 10:57:30 P. M. domain.GameLogger info
INFO: charlie murio. Muertes: 1
abr. 28, 2026 10:57:36 P. M. domain.GameLogger info
INFO: Nivel 1 completado por charlie
abr. 28, 2026 11:04:57 P. M. domain.GameLogger info
INFO: GameLogger inicializado correctamente
abr. 28, 2026 11:05:12 P. M. domain.GameLogger info
INFO: Nivel 'Nivel 1 - Tutorial' cargado: 3 monedas, 2 enemigos
abr. 28, 2026 11:05:12 P. M. domain.GameLogger info
INFO: Juego iniciado en modo: Un Jugador
abr. 28, 2026 11:05:19 P. M. domain.GameLogger info
INFO: Nivel 0 completado por Jugador 1
abr. 28, 2026 11:05:21 P. M. domain.GameLogger info
INFO: Nivel 'Nivel 2 - Intermedio' cargado: 5 monedas, 3 enemigos
abr. 28, 2026 11:05:30 P. M. domain.GameLogger info
INFO: Jugador 1 murio. Muertes: 1
abr. 28, 2026 11:05:33 P. M. domain.GameLogger info
INFO: Nivel 1 completado por Jugador 1
abr. 28, 2026 11:09:15 P. M. domain.GameLogger info
INFO: GameLogger inicializado correctamente
abr. 28, 2026 11:09:24 P. M. domain.GameLogger info
INFO: Nivel 'Nivel 1 - Tutorial' cargado: 3 monedas, 2 enemigos
abr. 28, 2026 11:09:24 P. M. domain.GameLogger info
INFO: Juego iniciado en modo: Un Jugador
abr. 28, 2026 11:09:30 P. M. domain.GameLogger info
INFO: Nivel 0 completado por Jugador 1
abr. 28, 2026 11:09:31 P. M. domain.GameLogger info
INFO: Nivel 'Nivel 2 - Intermedio' cargado: 5 monedas, 3 enemigos
abr. 28, 2026 11:09:48 P. M. domain.GameLogger info
INFO: Nivel 1 completado por Jugador 1
abr. 28, 2026 11:09:50 P. M. domain.GameLogger info
INFO: Nivel 'Nivel 3 - Dificil' cargado: 7 monedas, 5 enemigos
abr. 28, 2026 11:09:57 P. M. domain.GameLogger info
INFO: Jugador 1 murio. Muertes: 1
abr. 28, 2026 11:10:06 P. M. domain.GameLogger info
INFO: Jugador 1 murio. Muertes: 2
abr. 28, 2026 11:10:08 P. M. domain.GameLogger info
INFO: Nivel 2 completado por Jugador 1
abr. 28, 2026 11:10:17 P. M. domain.GameLogger info
INFO: Victoria! Todos los niveles completados
abr. 28, 2026 11:11:18 P. M. domain.GameLogger info
INFO: GameLogger inicializado correctamente
abr. 29, 2026 8:49:37 P. M. domain.GameLogger info
INFO: GameLogger inicializado correctamente
abr. 29, 2026 8:49:53 P. M. domain.GameLogger info
INFO: Nivel 'Nivel 1 - Tutorial' cargado: 3 monedas, 2 enemigos
abr. 29, 2026 8:49:53 P. M. domain.GameLogger info
INFO: Juego iniciado en modo: Un Jugador
abr. 29, 2026 8:49:58 P. M. domain.GameLogger info
INFO: Nivel 0 completado por Jugador 1
abr. 29, 2026 8:50:11 P. M. domain.GameLogger info
INFO: Nivel 'Nivel 1 - Tutorial' cargado: 3 monedas, 2 enemigos
abr. 29, 2026 8:50:11 P. M. domain.GameLogger info
INFO: Juego iniciado en modo: Un Jugador
abr. 29, 2026 8:50:15 P. M. domain.GameLogger info
INFO: Jugador 1 murio. Muertes: 1
abr. 29, 2026 8:50:17 P. M. domain.GameLogger info
INFO: Jugador 1 murio. Muertes: 2
abr. 29, 2026 8:50:25 P. M. domain.GameLogger info
INFO: Nivel 0 completado por Jugador 1
abr. 29, 2026 8:50:26 P. M. domain.GameLogger info
INFO: Nivel 'Nivel 2 - Intermedio' cargado: 5 monedas, 3 enemigos
abr. 29, 2026 8:50:28 P. M. domain.GameLogger info
INFO: Jugador 1 murio. Muertes: 3
abr. 29, 2026 8:50:32 P. M. domain.GameLogger info
INFO: Jugador 1 murio. Muertes: 4
abr. 29, 2026 8:50:50 P. M. domain.GameLogger info
INFO: Jugador 1 murio. Muertes: 5
abr. 29, 2026 8:50:53 P. M. domain.GameLogger info
INFO: Nivel 1 completado por Jugador 1
abr. 29, 2026 8:51:02 P. M. domain.GameLogger info
INFO: Nivel 'Nivel 1 - Tutorial' cargado: 3 monedas, 2 enemigos
abr. 29, 2026 8:51:02 P. M. domain.GameLogger info
INFO: Juego iniciado en modo: Un Jugador
abr. 29, 2026 8:51:12 P. M. domain.GameLogger info
INFO: Nivel 'Nivel 1 - Tutorial' cargado: 3 monedas, 2 enemigos
abr. 29, 2026 8:51:12 P. M. domain.GameLogger info
INFO: Juego iniciado en modo: Un Jugador
abr. 29, 2026 8:51:18 P. M. domain.GameLogger info
INFO: Nivel 0 completado por Jugador 1
abr. 29, 2026 8:51:19 P. M. domain.GameLogger info
INFO: Nivel 'Nivel 2 - Intermedio' cargado: 5 monedas, 3 enemigos
abr. 29, 2026 8:51:27 P. M. domain.GameLogger info
INFO: Nivel 1 completado por Jugador 1
abr. 29, 2026 8:51:28 P. M. domain.GameLogger info
INFO: Nivel 'Nivel 3 - Dificil' cargado: 7 monedas, 5 enemigos
abr. 29, 2026 8:51:31 P. M. domain.GameLogger info
INFO: Jugador 1 murio. Muertes: 1
abr. 29, 2026 8:51:37 P. M. domain.GameLogger info
INFO: Jugador 1 murio. Muertes: 2
abr. 29, 2026 8:51:40 P. M. domain.GameLogger info
INFO: Jugador 1 murio. Muertes: 3
abr. 29, 2026 8:51:45 P. M. domain.GameLogger info
INFO: Nivel 2 completado por Jugador 1
abr. 29, 2026 8:51:46 P. M. domain.GameLogger info
INFO: Victoria! Todos los niveles completados
abr. 29, 2026 8:52:09 P. M. domain.GameLogger info
INFO: Nivel 'Nivel 1 - Tutorial' cargado: 3 monedas, 2 enemigos
abr. 29, 2026 8:52:09 P. M. domain.GameLogger info
INFO: Juego iniciado en modo: Un Jugador
abr. 29, 2026 8:52:14 P. M. domain.GameLogger info
INFO: Nivel 'Nivel 1 - Tutorial' cargado: 3 monedas, 2 enemigos
abr. 29, 2026 8:52:14 P. M. domain.GameLogger info
INFO: Juego iniciado en modo: Un Jugador
abr. 29, 2026 8:52:17 P. M. domain.GameLogger info
INFO: Nivel 0 completado por Jugador 1
abr. 29, 2026 8:52:19 P. M. domain.GameLogger info
INFO: Nivel 'Nivel 2 - Intermedio' cargado: 5 monedas, 3 enemigos
abr. 29, 2026 8:52:23 P. M. domain.GameLogger info
INFO: Jugador 1 murio. Muertes: 1
abr. 29, 2026 8:52:27 P. M. domain.GameLogger info
INFO: Nivel 1 completado por Jugador 1
abr. 29, 2026 8:52:28 P. M. domain.GameLogger info
INFO: Nivel 'Nivel 3 - Dificil' cargado: 7 monedas, 5 enemigos
abr. 29, 2026 8:52:32 P. M. domain.GameLogger info
INFO: Jugador 1 murio. Muertes: 2
abr. 29, 2026 8:52:40 P. M. domain.GameLogger info
INFO: Nivel 2 completado por Jugador 1
abr. 29, 2026 8:52:42 P. M. domain.GameLogger info
INFO: Victoria! Todos los niveles completados
abr. 29, 2026 8:53:12 P. M. domain.GameLogger info
INFO: Nivel 'Nivel 1 - Tutorial' cargado: 3 monedas, 2 enemigos
abr. 29, 2026 8:53:12 P. M. domain.GameLogger info
INFO: Juego iniciado en modo: Un Jugador
abr. 29, 2026 8:53:18 P. M. domain.GameLogger info
INFO: Nivel 'Nivel 1 - Tutorial' cargado: 3 monedas, 2 enemigos
abr. 29, 2026 8:53:18 P. M. domain.GameLogger info
INFO: Juego iniciado en modo: Un Jugador
abr. 29, 2026 8:53:44 P. M. domain.GameLogger info
INFO: Nivel 0 completado por Jugador 1
abr. 29, 2026 9:04:18 P. M. domain.GameLogger info
INFO: GameLogger inicializado correctamente
abr. 29, 2026 9:04:52 P. M. domain.GameLogger info
INFO: Nivel 'Nivel 1 - Tutorial' cargado: 3 monedas, 2 enemigos
abr. 29, 2026 9:04:52 P. M. domain.GameLogger info
INFO: Juego iniciado en modo: Jugador vs Jugador
abr. 29, 2026 9:05:36 P. M. domain.GameLogger info
INFO: Nivel 0 completado por samuel
abr. 29, 2026 9:05:49 P. M. domain.GameLogger info
INFO: Nivel 'Nivel 2 - Intermedio' cargado: 5 monedas, 3 enemigos
abr. 29, 2026 9:05:59 P. M. domain.GameLogger info
INFO: carlos murio. Muertes: 1
abr. 29, 2026 9:06:06 P. M. domain.GameLogger info
INFO: Nivel 1 completado por samuel
abr. 29, 2026 9:06:12 P. M. domain.GameLogger info
INFO: Nivel 'Nivel 3 - Dificil' cargado: 7 monedas, 5 enemigos
abr. 29, 2026 9:06:16 P. M. domain.GameLogger info
INFO: carlos murio. Muertes: 2
abr. 29, 2026 9:06:22 P. M. domain.GameLogger info
INFO: samuel murio. Muertes: 1
abr. 29, 2026 9:06:33 P. M. domain.GameLogger info
INFO: Nivel 2 completado por samuel
abr. 29, 2026 9:06:35 P. M. domain.GameLogger info
INFO: Victoria! Todos los niveles completados
abr. 29, 2026 9:06:48 P. M. domain.GameLogger info
INFO: Nivel 'Nivel 1 - Tutorial' cargado: 3 monedas, 2 enemigos
abr. 29, 2026 9:06:48 P. M. domain.GameLogger info
INFO: Juego iniciado en modo: Jugador vs Maquina
abr. 29, 2026 9:06:51 P. M. domain.GameLogger info
INFO: Nivel 0 completado por Maquina
abr. 29, 2026 9:06:53 P. M. domain.GameLogger info
INFO: Nivel 'Nivel 2 - Intermedio' cargado: 5 monedas, 3 enemigos
abr. 29, 2026 9:06:55 P. M. domain.GameLogger info
INFO: carlos murio. Muertes: 1
abr. 29, 2026 9:06:55 P. M. domain.GameLogger info
INFO: Maquina murio. Muertes: 1
abr. 29, 2026 9:06:59 P. M. domain.GameLogger info
INFO: Nivel 1 completado por Maquina
abr. 29, 2026 9:07:01 P. M. domain.GameLogger info
INFO: Nivel 'Nivel 3 - Dificil' cargado: 7 monedas, 5 enemigos
abr. 29, 2026 9:07:05 P. M. domain.GameLogger info
INFO: Nivel 2 completado por Maquina
abr. 29, 2026 9:07:35 P. M. domain.GameLogger info
INFO: Victoria! Todos los niveles completados
abr. 29, 2026 9:07:56 P. M. domain.GameLogger info
INFO: GameLogger inicializado correctamente
abr. 29, 2026 9:07:59 P. M. domain.GameLogger info
INFO: Nivel 'Nivel 1 - Tutorial' cargado: 3 monedas, 2 enemigos
abr. 29, 2026 9:07:59 P. M. domain.GameLogger info
INFO: Juego iniciado en modo: Un Jugador
abr. 29, 2026 9:08:02 P. M. domain.GameLogger info
INFO: Nivel 'Nivel 1 - Tutorial' cargado: 3 monedas, 2 enemigos
abr. 29, 2026 9:08:02 P. M. domain.GameLogger info
INFO: Juego iniciado en modo: Un Jugador
abr. 29, 2026 9:09:22 P. M. domain.GameLogger info
INFO: Nivel 'Nivel 1 - Tutorial' cargado: 3 monedas, 2 enemigos
abr. 29, 2026 9:09:22 P. M. domain.GameLogger info
INFO: Juego iniciado en modo: Jugador vs Maquina
abr. 29, 2026 9:09:46 P. M. domain.GameLogger info
INFO: Nivel 'Nivel 1 - Tutorial' cargado: 3 monedas, 2 enemigos
abr. 29, 2026 9:09:46 P. M. domain.GameLogger info
INFO: Juego iniciado en modo: Jugador vs Jugador
abr. 29, 2026 9:10:16 P. M. domain.GameLogger info
INFO: Nivel 'Nivel 1 - Tutorial' cargado: 3 monedas, 2 enemigos
abr. 29, 2026 9:10:16 P. M. domain.GameLogger info
INFO: Juego iniciado en modo: Jugador vs Jugador
abr. 29, 2026 9:11:53 P. M. domain.GameLogger info
INFO: Nivel 'Nivel 1 - Tutorial' cargado: 3 monedas, 2 enemigos
abr. 29, 2026 9:11:53 P. M. domain.GameLogger info
INFO: Juego iniciado en modo: Un Jugador
abr. 29, 2026 9:21:25 P. M. domain.GameLogger info
INFO: GameLogger inicializado correctamente
abr. 29, 2026 10:05:46 P. M. domain.GameLogger info
INFO: GameLogger inicializado correctamente
abr. 29, 2026 10:06:14 P. M. domain.GameLogger info
INFO: Nivel 'Nivel 1 - Tutorial' cargado: 3 monedas, 2 enemigos
abr. 29, 2026 10:06:14 P. M. domain.GameLogger info
INFO: Juego iniciado en modo: Un Jugador
abr. 29, 2026 10:06:20 P. M. domain.GameLogger info
INFO: Nivel 'Nivel 1 - Tutorial' cargado: 3 monedas, 2 enemigos
abr. 29, 2026 10:06:20 P. M. domain.GameLogger info
INFO: Juego iniciado en modo: Un Jugador
abr. 29, 2026 10:06:31 P. M. domain.GameLogger info
INFO: Jugador 1 murio. Muertes: 1
abr. 29, 2026 10:06:40 P. M. domain.GameLogger info
INFO: Nivel 0 completado
abr. 29, 2026 10:06:54 P. M. domain.GameLogger info
INFO: Nivel 'Nivel 2 - Intermedio' cargado: 5 monedas, 3 enemigos
abr. 29, 2026 10:07:04 P. M. domain.GameLogger info
INFO: Nivel 'Nivel 1 - Tutorial' cargado: 3 monedas, 2 enemigos
abr. 29, 2026 10:07:04 P. M. domain.GameLogger info
INFO: Juego iniciado en modo: Jugador vs Jugador
abr. 29, 2026 10:07:28 P. M. domain.GameLogger info
INFO: Jugador 1 murio. Muertes: 1
abr. 29, 2026 10:08:07 P. M. domain.GameLogger info
INFO: Nivel 0 completado
abr. 29, 2026 10:08:07 P. M. domain.GameLogger info
INFO: Nivel 0 completado
abr. 29, 2026 10:08:13 P. M. domain.GameLogger info
INFO: Nivel 'Nivel 2 - Intermedio' cargado: 5 monedas, 3 enemigos
abr. 29, 2026 10:08:26 P. M. domain.GameLogger info
INFO: Nivel 'Nivel 3 - Dificil' cargado: 7 monedas, 5 enemigos
abr. 29, 2026 10:08:35 P. M. domain.GameLogger info
INFO: Jugador 1 murio. Muertes: 2
abr. 29, 2026 10:08:35 P. M. domain.GameLogger info
INFO: Jugador 2 murio. Muertes: 1
abr. 29, 2026 10:08:44 P. M. domain.GameLogger info
INFO: Jugador 2 murio. Muertes: 2
abr. 29, 2026 10:08:48 P. M. domain.GameLogger info
INFO: Jugador 1 murio. Muertes: 3
abr. 29, 2026 10:08:51 P. M. domain.GameLogger info
INFO: Jugador 2 murio. Muertes: 3
abr. 29, 2026 10:08:55 P. M. domain.GameLogger info
INFO: Jugador 1 murio. Muertes: 4
abr. 29, 2026 10:09:13 P. M. domain.GameLogger info
INFO: Nivel 2 completado
abr. 29, 2026 10:09:42 P. M. domain.GameLogger info
INFO: Nivel 'Nivel 1 - Tutorial' cargado: 3 monedas, 2 enemigos
abr. 29, 2026 10:09:42 P. M. domain.GameLogger info
INFO: Juego iniciado en modo: Jugador vs Maquina
abr. 29, 2026 10:09:47 P. M. domain.GameLogger info
INFO: Nivel 0 completado
abr. 29, 2026 10:09:47 P. M. domain.GameLogger info
INFO: Nivel 0 completado
abr. 29, 2026 10:09:53 P. M. domain.GameLogger info
INFO: Nivel 'Nivel 2 - Intermedio' cargado: 5 monedas, 3 enemigos
abr. 29, 2026 10:09:56 P. M. domain.GameLogger info
INFO: Maquina murio. Muertes: 1
abr. 29, 2026 10:10:25 P. M. domain.GameLogger info
INFO: Nivel 'Nivel 3 - Dificil' cargado: 7 monedas, 5 enemigos
abr. 29, 2026 10:10:27 P. M. domain.GameLogger info
INFO: Jugador 1 murio. Muertes: 1
abr. 29, 2026 10:10:31 P. M. domain.GameLogger info
INFO: Jugador 1 murio. Muertes: 2
abr. 29, 2026 10:10:34 P. M. domain.GameLogger info
INFO: Jugador 1 murio. Muertes: 3
abr. 29, 2026 10:10:37 P. M. domain.GameLogger info
INFO: Nivel 2 completado
abr. 29, 2026 10:10:41 P. M. domain.GameLogger info
INFO: Victoria! Todos los niveles completados
abr. 29, 2026 10:22:41 P. M. domain.GameLogger info
INFO: Nivel 'Nivel 1 - Tutorial' cargado: 3 monedas, 2 enemigos
abr. 29, 2026 10:22:41 P. M. domain.GameLogger info
INFO: Juego iniciado en modo: Un Jugador
abr. 29, 2026 10:22:44 P. M. domain.GameLogger info
INFO: Nivel 0 completado
abr. 29, 2026 10:22:45 P. M. domain.GameLogger info
INFO: Nivel 'Nivel 2 - Intermedio' cargado: 5 monedas, 3 enemigos
abr. 29, 2026 10:22:51 P. M. domain.GameLogger info
INFO: Jugador 1 murio. Muertes: 1
abr. 29, 2026 10:22:54 P. M. domain.GameLogger info
INFO: Nivel 1 completado
abr. 29, 2026 10:22:57 P. M. domain.GameLogger info
INFO: Nivel 'Nivel 3 - Dificil' cargado: 7 monedas, 5 enemigos
abr. 29, 2026 10:23:00 P. M. domain.GameLogger info
INFO: Jugador 1 murio. Muertes: 2
abr. 29, 2026 10:23:02 P. M. domain.GameLogger info
INFO: Jugador 1 murio. Muertes: 3
abr. 29, 2026 10:23:07 P. M. domain.GameLogger info
INFO: Nivel 2 completado
abr. 29, 2026 10:23:09 P. M. domain.GameLogger info
INFO: Victoria! Todos los niveles completados
abr. 29, 2026 10:23:12 P. M. domain.GameLogger info
INFO: Nivel 'Nivel 1 - Tutorial' cargado: 3 monedas, 2 enemigos
abr. 29, 2026 10:23:12 P. M. domain.GameLogger info
INFO: Juego iniciado en modo: Un Jugador
abr. 29, 2026 10:23:16 P. M. domain.GameLogger info
INFO: Nivel 0 completado
abr. 29, 2026 10:23:17 P. M. domain.GameLogger info
INFO: Nivel 'Nivel 2 - Intermedio' cargado: 5 monedas, 3 enemigos
abr. 29, 2026 10:23:23 P. M. domain.GameLogger info
INFO: Nivel 1 completado
abr. 29, 2026 10:29:02 P. M. domain.GameLogger info
INFO: GameLogger inicializado correctamente
abr. 29, 2026 10:29:10 P. M. domain.GameLogger info
INFO: Nivel 'Nivel 1 - Tutorial' cargado: 3 monedas, 2 enemigos
abr. 29, 2026 10:29:10 P. M. domain.GameLogger info
INFO: Juego iniciado en modo: Jugador vs Jugador
abr. 29, 2026 10:29:15 P. M. domain.GameLogger info
INFO: Nivel 0 completado
abr. 29, 2026 10:29:17 P. M. domain.GameLogger info
INFO: Nivel 'Nivel 2 - Intermedio' cargado: 5 monedas, 3 enemigos
abr. 29, 2026 10:29:19 P. M. domain.GameLogger info
INFO: Jugador 1 murio. Muertes: 1
abr. 29, 2026 10:29:22 P. M. domain.GameLogger info
INFO: Jugador 1 murio. Muertes: 2
abr. 29, 2026 10:29:23 P. M. domain.GameLogger info
INFO: Jugador 1 murio. Muertes: 3
abr. 29, 2026 10:29:29 P. M. domain.GameLogger info
INFO: Jugador 2 murio. Muertes: 1
abr. 29, 2026 10:29:31 P. M. domain.GameLogger info
INFO: Jugador 2 murio. Muertes: 2
abr. 29, 2026 10:29:33 P. M. domain.GameLogger info
INFO: Jugador 2 murio. Muertes: 3
abr. 29, 2026 10:29:37 P. M. domain.GameLogger info
INFO: Nivel 1 completado
abr. 29, 2026 10:29:39 P. M. domain.GameLogger info
INFO: Nivel 'Nivel 3 - Dificil' cargado: 7 monedas, 5 enemigos
abr. 29, 2026 10:29:46 P. M. domain.GameLogger info
INFO: Jugador 1 murio. Muertes: 4
abr. 29, 2026 10:29:47 P. M. domain.GameLogger info
INFO: Jugador 1 murio. Muertes: 5
abr. 29, 2026 10:30:13 P. M. domain.GameLogger info
INFO: Jugador 2 murio. Muertes: 4
abr. 29, 2026 10:30:17 P. M. domain.GameLogger info
INFO: Jugador 2 murio. Muertes: 5
abr. 29, 2026 10:30:19 P. M. domain.GameLogger info
INFO: Jugador 2 murio. Muertes: 6
abr. 29, 2026 10:30:21 P. M. domain.GameLogger info
INFO: Jugador 2 murio. Muertes: 7
abr. 29, 2026 10:30:24 P. M. domain.GameLogger info
INFO: Jugador 1 murio. Muertes: 6
abr. 29, 2026 10:30:26 P. M. domain.GameLogger info
INFO: Jugador 1 murio. Muertes: 7
abr. 29, 2026 10:30:30 P. M. domain.GameLogger info
INFO: Nivel 2 completado
abr. 29, 2026 10:30:33 P. M. domain.GameLogger info
INFO: Victoria! Todos los niveles completados
abr. 29, 2026 10:30:48 P. M. domain.GameLogger info
INFO: Nivel 'Nivel 1 - Tutorial' cargado: 3 monedas, 2 enemigos
abr. 29, 2026 10:30:48 P. M. domain.GameLogger info
INFO: Juego iniciado en modo: Jugador vs Maquina
abr. 29, 2026 10:30:52 P. M. domain.GameLogger info
INFO: Nivel 0 completado
abr. 29, 2026 10:30:53 P. M. domain.GameLogger info
INFO: Nivel 'Nivel 2 - Intermedio' cargado: 5 monedas, 3 enemigos
abr. 29, 2026 10:30:55 P. M. domain.GameLogger info
INFO: Maquina murio. Muertes: 1
abr. 29, 2026 10:31:06 P. M. domain.GameLogger info
INFO: Nivel 1 completado
abr. 29, 2026 10:31:25 P. M. domain.GameLogger info
INFO: Nivel 'Nivel 1 - Tutorial' cargado: 3 monedas, 2 enemigos
abr. 29, 2026 10:31:25 P. M. domain.GameLogger info
INFO: Juego iniciado en modo: Jugador vs Jugador
abr. 29, 2026 10:37:57 P. M. domain.GameLogger info
INFO: GameLogger inicializado correctamente
may. 14, 2026 5:32:25 P. M. domain.GameLogger info
INFO: GameLogger inicializado correctamente
may. 14, 2026 5:32:30 P. M. domain.GameLogger info
INFO: Nivel 'Nivel 1 - Tutorial' cargado: 3 monedas, 2 enemigos
may. 14, 2026 5:32:30 P. M. domain.GameLogger info
INFO: Juego iniciado en modo: Un Jugador
may. 14, 2026 5:32:37 P. M. domain.GameLogger info
INFO: Nivel 0 completado
may. 14, 2026 5:32:39 P. M. domain.GameLogger info
INFO: Nivel 'Nivel 2 - Intermedio' cargado: 5 monedas, 3 enemigos
may. 14, 2026 5:32:49 P. M. domain.GameLogger info
INFO: Nivel 1 completado
may. 14, 2026 5:32:50 P. M. domain.GameLogger info
INFO: Nivel 'Nivel 3 - Dificil' cargado: 7 monedas, 5 enemigos
may. 14, 2026 5:32:57 P. M. domain.GameLogger info
INFO: Jugador 1 murio. Muertes: 1
may. 14, 2026 5:33:00 P. M. domain.GameLogger info
INFO: Nivel 2 completado
may. 14, 2026 5:33:01 P. M. domain.GameLogger info
INFO: Victoria! Todos los niveles completados
may. 14, 2026 5:33:08 P. M. domain.GameLogger info
INFO: Nivel 'Nivel 1 - Tutorial' cargado: 3 monedas, 2 enemigos
may. 14, 2026 5:33:08 P. M. domain.GameLogger info
INFO: Juego iniciado en modo: Jugador vs Maquina
may. 14, 2026 5:33:11 P. M. domain.GameLogger info
INFO: Nivel 0 completado
may. 14, 2026 5:33:12 P. M. domain.GameLogger info
INFO: Nivel 'Nivel 2 - Intermedio' cargado: 5 monedas, 3 enemigos
may. 14, 2026 5:33:14 P. M. domain.GameLogger info
INFO: Maquina murio. Muertes: 1
may. 14, 2026 6:58:21 P. M. domain.GameLogger info
INFO: GameLogger inicializado correctamente
may. 14, 2026 6:58:41 P. M. domain.GameLogger info
INFO: Nivel 'Nivel 1 - Tutorial' cargado: 4 monedas, 2 enemigos, 0 elementos especiales
may. 14, 2026 6:58:41 P. M. domain.GameLogger info
INFO: Juego iniciado en modo: Un Jugador
may. 14, 2026 6:58:46 P. M. domain.GameLogger info
INFO: Jugador 1 murio. Muertes: 1
may. 14, 2026 6:58:49 P. M. domain.GameLogger info
INFO: Nivel 0 completado
may. 14, 2026 6:58:52 P. M. domain.GameLogger info
INFO: Nivel 'Nivel 2 - Intermedio' cargado: 5 monedas, 3 enemigos, 1 elementos especiales
may. 14, 2026 6:58:57 P. M. domain.GameLogger info
INFO: Jugador 1 murio. Muertes: 2
may. 14, 2026 6:59:03 P. M. domain.GameLogger info
INFO: Fuente de vida recogida por Jugador 1
may. 14, 2026 6:59:08 P. M. domain.GameLogger info
INFO: Jugador 1 murio. Muertes: 3
may. 14, 2026 6:59:12 P. M. domain.GameLogger info
INFO: Nivel 'Nivel 1 - Tutorial' cargado: 4 monedas, 2 enemigos, 0 elementos especiales
may. 14, 2026 6:59:12 P. M. domain.GameLogger info
INFO: Juego iniciado en modo: Un Jugador
may. 14, 2026 6:59:15 P. M. domain.GameLogger info
INFO: Jugador 1 murio. Muertes: 1
may. 14, 2026 6:59:19 P. M. domain.GameLogger info
INFO: Jugador 1 murio. Muertes: 2
may. 14, 2026 6:59:21 P. M. domain.GameLogger info
INFO: Nivel 0 completado
may. 14, 2026 6:59:23 P. M. domain.GameLogger info
INFO: Nivel 'Nivel 2 - Intermedio' cargado: 5 monedas, 3 enemigos, 1 elementos especiales
may. 14, 2026 6:59:24 P. M. domain.GameLogger info
INFO: Fuente de vida recogida por Jugador 1
may. 14, 2026 6:59:35 P. M. domain.GameLogger info
INFO: Nivel 1 completado
may. 14, 2026 6:59:40 P. M. domain.GameLogger info
INFO: Nivel 'Nivel 3 - Dificil' cargado: 7 monedas, 6 enemigos, 1 elementos especiales
may. 14, 2026 6:59:42 P. M. domain.GameLogger info
INFO: Jugador 1 murio. Muertes: 3
may. 14, 2026 6:59:45 P. M. domain.GameLogger info
INFO: Jugador 1 murio. Muertes: 4
may. 14, 2026 6:59:50 P. M. domain.GameLogger info
INFO: Bomba activada por Jugador 1
may. 14, 2026 6:59:53 P. M. domain.GameLogger info
INFO: Jugador 1 murio. Muertes: 6
may. 14, 2026 6:59:58 P. M. domain.GameLogger info
INFO: Jugador 1 murio. Muertes: 7
may. 14, 2026 7:00:01 P. M. domain.GameLogger info
INFO: Nivel 2 completado
may. 14, 2026 7:00:50 P. M. domain.GameLogger info
INFO: Victoria! Todos los niveles completados
may. 14, 2026 7:01:18 P. M. domain.GameLogger info
INFO: Nivel 'Nivel 1 - Tutorial' cargado: 4 monedas, 2 enemigos, 0 elementos especiales
may. 14, 2026 7:01:18 P. M. domain.GameLogger info
INFO: Juego iniciado en modo: Jugador vs Maquina
may. 14, 2026 7:01:28 P. M. domain.GameLogger info
INFO: Maquina murio. Muertes: 1
may. 14, 2026 7:01:29 P. M. domain.GameLogger info
INFO: Maquina murio. Muertes: 2
may. 14, 2026 7:01:47 P. M. domain.GameLogger info
INFO: Maquina murio. Muertes: 3
may. 14, 2026 7:01:48 P. M. domain.GameLogger info
INFO: Maquina murio. Muertes: 4
may. 14, 2026 7:01:52 P. M. domain.GameLogger info
INFO: Jugador 1 murio. Muertes: 1
may. 14, 2026 7:01:53 P. M. domain.GameLogger info
INFO: Maquina murio. Muertes: 5
may. 14, 2026 7:01:54 P. M. domain.GameLogger info
INFO: Maquina murio. Muertes: 6
may. 14, 2026 7:01:56 P. M. domain.GameLogger info
INFO: Colision entre jugadores!
may. 14, 2026 7:01:59 P. M. domain.GameLogger info
INFO: Maquina murio. Muertes: 8
may. 14, 2026 7:01:59 P. M. domain.GameLogger info
INFO: Jugador 1 murio. Muertes: 3
may. 14, 2026 7:02:00 P. M. domain.GameLogger info
INFO: Maquina murio. Muertes: 9
may. 14, 2026 7:02:01 P. M. domain.GameLogger info
INFO: Jugador 1 murio. Muertes: 4
may. 14, 2026 7:02:04 P. M. domain.GameLogger info
INFO: Colision entre jugadores!
may. 14, 2026 7:02:08 P. M. domain.GameLogger info
INFO: Colision entre jugadores!
may. 14, 2026 7:02:15 P. M. domain.GameLogger info
INFO: Maquina murio. Muertes: 12
may. 14, 2026 7:02:15 P. M. domain.GameLogger info
INFO: Colision entre jugadores!
may. 14, 2026 7:02:21 P. M. domain.GameLogger info
INFO: Nivel 'Nivel 1 - Tutorial' cargado: 4 monedas, 2 enemigos, 0 elementos especiales
may. 14, 2026 7:02:21 P. M. domain.GameLogger info
INFO: Juego iniciado en modo: Jugador vs Jugador
may. 14, 2026 7:05:21 P. M. domain.GameLogger info
INFO: Tiempo agotado en nivel 0
may. 14, 2026 7:06:32 P. M. domain.GameLogger info
INFO: GameLogger inicializado correctamente
may. 14, 2026 7:06:34 P. M. domain.GameLogger info
INFO: Nivel 'Nivel 1 - Tutorial' cargado: 4 monedas, 2 enemigos, 0 elementos especiales
may. 14, 2026 7:06:34 P. M. domain.GameLogger info
INFO: Juego iniciado en modo: Un Jugador
may. 14, 2026 7:06:46 P. M. domain.GameLogger info
INFO: Nivel 0 completado
may. 14, 2026 7:06:48 P. M. domain.GameLogger info
INFO: Nivel 'Nivel 2 - Intermedio' cargado: 5 monedas, 3 enemigos, 1 elementos especiales
may. 14, 2026 7:06:52 P. M. domain.GameLogger info
INFO: Jugador 1 murio. Muertes: 1
may. 14, 2026 7:06:56 P. M. domain.GameLogger info
INFO: Jugador 1 murio. Muertes: 2
may. 14, 2026 7:07:04 P. M. domain.GameLogger info
INFO: Jugador 1 murio. Muertes: 3
may. 14, 2026 7:08:09 P. M. domain.GameLogger info
INFO: GameLogger inicializado correctamente
may. 14, 2026 7:08:11 P. M. domain.GameLogger info
INFO: Nivel 'Nivel 1 - Tutorial' cargado: 4 monedas, 2 enemigos, 0 elementos especiales
may. 14, 2026 7:08:11 P. M. domain.GameLogger info
INFO: Juego iniciado en modo: Jugador vs Jugador
may. 14, 2026 7:08:15 P. M. domain.GameLogger info
INFO: Jugador 1 murio. Muertes: 1
may. 14, 2026 7:08:17 P. M. domain.GameLogger info
INFO: Colision entre jugadores!
may. 14, 2026 7:10:10 P. M. domain.GameLogger info
INFO: GameLogger inicializado correctamente
may. 14, 2026 7:10:13 P. M. domain.GameLogger info
INFO: Nivel 'Nivel 1 - Tutorial' cargado: 4 monedas, 2 enemigos, 0 elementos especiales
may. 14, 2026 7:10:13 P. M. domain.GameLogger info
INFO: Juego iniciado en modo: Un Jugador
may. 14, 2026 7:10:16 P. M. domain.GameLogger info
INFO: Jugador 1 murio. Muertes: 1
may. 14, 2026 7:10:18 P. M. domain.GameLogger info
INFO: Nivel 0 completado
may. 14, 2026 7:10:20 P. M. domain.GameLogger info
INFO: Nivel 'Nivel 2 - Intermedio' cargado: 5 monedas, 3 enemigos, 1 elementos especiales
may. 14, 2026 7:10:23 P. M. domain.GameLogger info
INFO: Fuente de vida recogida por Jugador 1
may. 14, 2026 7:10:32 P. M. domain.GameLogger info
INFO: Nivel 1 completado
may. 14, 2026 7:10:33 P. M. domain.GameLogger info
INFO: Nivel 'Nivel 3 - Dificil' cargado: 7 monedas, 6 enemigos, 1 elementos especiales
may. 14, 2026 7:10:38 P. M. domain.GameLogger info
INFO: Jugador 1 murio. Muertes: 2
may. 14, 2026 7:10:41 P. M. domain.GameLogger info
INFO: Bomba activada por Jugador 1
may. 14, 2026 7:10:43 P. M. domain.GameLogger info
INFO: Jugador 1 murio. Muertes: 4
may. 14, 2026 7:10:49 P. M. domain.GameLogger info
INFO: Nivel 2 completado
may. 14, 2026 7:13:54 P. M. domain.GameLogger info
INFO: GameLogger inicializado correctamente
may. 14, 2026 7:14:09 P. M. domain.GameLogger info
INFO: Nivel 'Nivel 1 - Tutorial' cargado: 4 monedas, 2 enemigos, 0 elementos especiales
may. 14, 2026 7:14:09 P. M. domain.GameLogger info
INFO: Juego iniciado en modo: Jugador vs Maquina
may. 14, 2026 7:14:15 P. M. domain.GameLogger info
INFO: Nivel 0 completado por Jugador 1
may. 14, 2026 7:14:23 P. M. domain.GameLogger info
INFO: Nivel 'Nivel 2 - Intermedio' cargado: 5 monedas, 3 enemigos, 1 elementos especiales
may. 14, 2026 7:14:25 P. M. domain.GameLogger info
INFO: Maquina murio. Muertes: 1
may. 14, 2026 7:14:27 P. M. domain.GameLogger info
INFO: Maquina murio. Muertes: 2
may. 14, 2026 7:14:31 P. M. domain.GameLogger info
INFO: Jugador 1 murio. Muertes: 1
may. 14, 2026 7:14:33 P. M. domain.GameLogger info
INFO: Fuente de vida recogida por Jugador 1
may. 14, 2026 7:14:45 P. M. domain.GameLogger info
INFO: Nivel 'Nivel 1 - Tutorial' cargado: 4 monedas, 2 enemigos, 0 elementos especiales
may. 14, 2026 7:14:45 P. M. domain.GameLogger info
INFO: Juego iniciado en modo: Jugador vs Maquina
may. 14, 2026 7:14:48 P. M. domain.GameLogger info
INFO: Nivel 0 completado por Jugador 1
may. 14, 2026 7:14:58 P. M. domain.GameLogger info
INFO: Nivel 'Nivel 1 - Tutorial' cargado: 4 monedas, 2 enemigos, 0 elementos especiales
may. 14, 2026 7:14:58 P. M. domain.GameLogger info
INFO: Juego iniciado en modo: Jugador vs Maquina
may. 14, 2026 7:15:07 P. M. domain.GameLogger info
INFO: Nivel 'Nivel 1 - Tutorial' cargado: 4 monedas, 2 enemigos, 0 elementos especiales
may. 14, 2026 7:15:07 P. M. domain.GameLogger info
INFO: Juego iniciado en modo: Jugador vs Maquina
may. 14, 2026 7:19:49 P. M. domain.GameLogger info
INFO: GameLogger inicializado correctamente
may. 14, 2026 7:19:54 P. M. domain.GameLogger info
INFO: Nivel 'Nivel 1 - Tutorial' cargado: 4 monedas, 2 enemigos, 0 elementos especiales
may. 14, 2026 7:19:54 P. M. domain.GameLogger info
INFO: Juego iniciado en modo: Jugador vs Maquina
may. 14, 2026 7:19:56 P. M. domain.GameLogger info
INFO: Maquina murio. Muertes: 1
may. 14, 2026 7:19:58 P. M. domain.GameLogger info
INFO: Nivel 0 completado por Maquina
may. 14, 2026 7:20:03 P. M. domain.GameLogger info
INFO: Nivel 'Nivel 2 - Intermedio' cargado: 5 monedas, 3 enemigos, 1 elementos especiales
may. 14, 2026 7:20:05 P. M. domain.GameLogger info
INFO: Maquina murio. Muertes: 2
may. 14, 2026 7:20:07 P. M. domain.GameLogger info
INFO: Nivel 1 completado por Maquina
may. 14, 2026 7:20:08 P. M. domain.GameLogger info
INFO: Nivel 'Nivel 3 - Dificil' cargado: 7 monedas, 6 enemigos, 1 elementos especiales
may. 14, 2026 7:20:09 P. M. domain.GameLogger info
INFO: Maquina murio. Muertes: 3
may. 14, 2026 7:20:10 P. M. domain.GameLogger info
INFO: Bomba activada por Jugador 1
may. 14, 2026 7:20:12 P. M. domain.GameLogger info
INFO: Nivel 2 completado por Jugador 1
may. 14, 2026 7:43:08 P. M. domain.GameLogger info
INFO: GameLogger inicializado correctamente
may. 14, 2026 7:43:12 P. M. domain.GameLogger info
INFO: Nivel 'Nivel 1 - Tutorial' cargado: 4 monedas, 2 enemigos, 0 elementos especiales
may. 14, 2026 7:43:12 P. M. domain.GameLogger info
INFO: Juego iniciado en modo: Jugador vs Maquina
may. 14, 2026 7:43:20 P. M. domain.GameLogger info
INFO: Nivel 'Nivel 1 - Tutorial' cargado: 4 monedas, 2 enemigos, 0 elementos especiales
may. 14, 2026 7:43:20 P. M. domain.GameLogger info
INFO: Juego iniciado en modo: Jugador vs Maquina
may. 14, 2026 7:43:23 P. M. domain.GameLogger info
INFO: Maquina murio. Muertes: 1
may. 14, 2026 7:43:24 P. M. domain.GameLogger info
INFO: Nivel 0 completado por Maquina
may. 14, 2026 7:43:40 P. M. domain.GameLogger info
INFO: GameLogger inicializado correctamente
may. 14, 2026 7:43:43 P. M. domain.GameLogger info
INFO: Nivel 'Nivel 1 - Tutorial' cargado: 4 monedas, 2 enemigos, 0 elementos especiales
may. 14, 2026 7:43:43 P. M. domain.GameLogger info
INFO: Juego iniciado en modo: Jugador vs Maquina
may. 14, 2026 7:43:45 P. M. domain.GameLogger info
INFO: Maquina murio. Muertes: 1
may. 14, 2026 7:43:47 P. M. domain.GameLogger info
INFO: Nivel 0 completado por Maquina
may. 14, 2026 8:02:30 P. M. domain.GameLogger info
INFO: GameLogger inicializado correctamente
may. 14, 2026 8:02:39 P. M. domain.GameLogger info
INFO: Nivel 'Nivel 1 - Tutorial' cargado: 4 monedas, 2 enemigos, 0 elementos especiales
may. 14, 2026 8:02:39 P. M. domain.GameLogger info
INFO: Juego iniciado en modo: Un Jugador
may. 14, 2026 8:02:49 P. M. domain.GameLogger info
INFO: Nivel 0 completado por Jugador 1
may. 14, 2026 8:02:58 P. M. domain.GameLogger info
INFO: Nivel 'Nivel 1 - Tutorial' cargado: 4 monedas, 2 enemigos, 0 elementos especiales
may. 14, 2026 8:02:58 P. M. domain.GameLogger info
INFO: Juego iniciado en modo: Un Jugador
may. 14, 2026 8:03:14 P. M. domain.GameLogger info
INFO: GameLogger inicializado correctamente
may. 14, 2026 8:03:16 P. M. domain.GameLogger info
INFO: Nivel 'Nivel 1 - Tutorial' cargado: 4 monedas, 2 enemigos, 0 elementos especiales
may. 14, 2026 8:03:16 P. M. domain.GameLogger info
INFO: Juego iniciado en modo: Un Jugador
may. 14, 2026 8:03:21 P. M. domain.GameLogger info
INFO: Nivel 0 completado por Jugador 1
may. 14, 2026 8:03:24 P. M. domain.GameLogger info
INFO: Nivel 'Nivel 2 - Intermedio' cargado: 5 monedas, 3 enemigos, 1 elementos especiales
may. 14, 2026 8:17:31 P. M. domain.GameLogger info
INFO: GameLogger inicializado correctamente
may. 14, 2026 8:17:33 P. M. domain.GameLogger info
INFO: Nivel 'Nivel 1 - Tutorial' cargado: 4 monedas, 2 enemigos, 0 elementos especiales
may. 14, 2026 8:17:33 P. M. domain.GameLogger info
INFO: Juego iniciado en modo: Un Jugador
may 15, 2026 8:25:46 P.Â M. domain.GameLogger info
INFORMACIĂ“N: GameLogger inicializado correctamente
may 15, 2026 8:25:54 P.Â M. domain.GameLogger info
INFORMACIĂ“N: Nivel 'Nivel 1 - Tutorial' cargado: 4 monedas, 2 enemigos, 0 elementos especiales
may 15, 2026 8:25:54 P.Â M. domain.GameLogger info
INFORMACIĂ“N: Juego iniciado en modo: Un Jugador
may 15, 2026 8:26:14 P.Â M. domain.GameLogger info
INFORMACIĂ“N: Nivel 'Nivel 1 - Tutorial' cargado: 4 monedas, 2 enemigos, 0 elementos especiales
may 15, 2026 8:26:14 P.Â M. domain.GameLogger info
INFORMACIĂ“N: Juego iniciado en modo: Un Jugador
may 15, 2026 8:26:28 P.Â M. domain.GameLogger info
INFORMACIĂ“N: Nivel 'Nivel 1 - Tutorial' cargado: 4 monedas, 2 enemigos, 0 elementos especiales
may 15, 2026 8:26:28 P.Â M. domain.GameLogger info
INFORMACIĂ“N: Juego iniciado en modo: Un Jugador
may 15, 2026 8:26:34 P.Â M. domain.GameLogger info
INFORMACIĂ“N: Jugador 1 murio. Muertes: 1
may 15, 2026 8:26:36 P.Â M. domain.GameLogger info
INFORMACIĂ“N: Nivel 0 completado por Jugador 1
may 15, 2026 8:26:38 P.Â M. domain.GameLogger info
INFORMACIĂ“N: Nivel 'Nivel 2 - Intermedio' cargado: 5 monedas, 3 enemigos, 1 elementos especiales
may 15, 2026 8:26:41 P.Â M. domain.GameLogger info
INFORMACIĂ“N: Fuente de vida recogida por Jugador 1
may 15, 2026 8:26:44 P.Â M. domain.GameLogger info
INFORMACIĂ“N: Jugador 1 murio. Muertes: 2
may 15, 2026 8:26:48 P.Â M. domain.GameLogger info
INFORMACIĂ“N: Nivel 1 completado por Jugador 1
may 15, 2026 8:26:50 P.Â M. domain.GameLogger info
INFORMACIĂ“N: Nivel 'Nivel 3 - Dificil' cargado: 7 monedas, 6 enemigos, 1 elementos especiales
may 15, 2026 8:26:53 P.Â M. domain.GameLogger info
INFORMACIĂ“N: Jugador 1 murio. Muertes: 3
may 15, 2026 8:26:55 P.Â M. domain.GameLogger info
INFORMACIĂ“N: Jugador 1 murio. Muertes: 4
may 15, 2026 8:26:57 P.Â M. domain.GameLogger info
INFORMACIĂ“N: Bomba activada por Jugador 1
may 15, 2026 8:26:58 P.Â M. domain.GameLogger info
INFORMACIĂ“N: Jugador 1 murio. Muertes: 6
may 15, 2026 8:26:59 P.Â M. domain.GameLogger info
INFORMACIĂ“N: Jugador 1 murio. Muertes: 7
may 15, 2026 8:27:02 P.Â M. domain.GameLogger info
INFORMACIĂ“N: Jugador 1 murio. Muertes: 8
may 15, 2026 8:27:05 P.Â M. domain.GameLogger info
INFORMACIĂ“N: Jugador 1 murio. Muertes: 9
may 15, 2026 8:27:16 P.Â M. domain.GameLogger info
INFORMACIĂ“N: Nivel 'Nivel 1 - Tutorial' cargado: 4 monedas, 2 enemigos, 0 elementos especiales
may 15, 2026 8:27:16 P.Â M. domain.GameLogger info
INFORMACIĂ“N: Juego iniciado en modo: Un Jugador
may 15, 2026 8:27:22 P.Â M. domain.GameLogger info
INFORMACIĂ“N: Nivel 0 completado por Jugador 1
may 15, 2026 8:27:24 P.Â M. domain.GameLogger info
INFORMACIĂ“N: Nivel 'Nivel 2 - Intermedio' cargado: 5 monedas, 3 enemigos, 1 elementos especiales
may 15, 2026 8:27:26 P.Â M. domain.GameLogger info
INFORMACIĂ“N: Fuente de vida recogida por Jugador 1
may 15, 2026 8:27:33 P.Â M. domain.GameLogger info
INFORMACIĂ“N: Nivel 1 completado por Jugador 1
may 15, 2026 8:27:45 P.Â M. domain.GameLogger info
INFORMACIĂ“N: Nivel 'Nivel 1 - Tutorial' cargado: 4 monedas, 2 enemigos, 0 elementos especiales
may 15, 2026 8:27:45 P.Â M. domain.GameLogger info
INFORMACIĂ“N: Juego iniciado en modo: Jugador vs Maquina
may 15, 2026 8:27:49 P.Â M. domain.GameLogger info
INFORMACIĂ“N: Maquina murio. Muertes: 1
may 15, 2026 8:27:50 P.Â M. domain.GameLogger info
INFORMACIĂ“N: Maquina murio. Muertes: 2
may 15, 2026 8:27:50 P.Â M. domain.GameLogger info
INFORMACIĂ“N: Jugador 1 murio. Muertes: 1
may 15, 2026 8:27:52 P.Â M. domain.GameLogger info
INFORMACIĂ“N: Jugador 1 murio. Muertes: 2
may 15, 2026 8:27:54 P.Â M. domain.GameLogger info
INFORMACIĂ“N: Maquina murio. Muertes: 3
may 15, 2026 8:27:55 P.Â M. domain.GameLogger info
INFORMACIĂ“N: Nivel 0 completado por Jugador 1
may 15, 2026 8:27:57 P.Â M. domain.GameLogger info
INFORMACIĂ“N: Nivel 'Nivel 2 - Intermedio' cargado: 5 monedas, 3 enemigos, 1 elementos especiales
may 15, 2026 8:27:59 P.Â M. domain.GameLogger info
INFORMACIĂ“N: Maquina murio. Muertes: 4
may 15, 2026 8:28:01 P.Â M. domain.GameLogger info
INFORMACIĂ“N: Maquina murio. Muertes: 5
may 15, 2026 8:28:01 P.Â M. domain.GameLogger info
INFORMACIĂ“N: Fuente de vida recogida por Jugador 1
may 15, 2026 8:28:04 P.Â M. domain.GameLogger info
INFORMACIĂ“N: Maquina murio. Muertes: 6
may 15, 2026 8:28:07 P.Â M. domain.GameLogger info
INFORMACIĂ“N: Nivel 1 completado por Jugador 1
may 15, 2026 8:28:08 P.Â M. domain.GameLogger info
INFORMACIĂ“N: Nivel 'Nivel 3 - Dificil' cargado: 7 monedas, 6 enemigos, 1 elementos especiales
may 15, 2026 8:28:19 P.Â M. domain.GameLogger info
INFORMACIĂ“N: Nivel 'Nivel 1 - Tutorial' cargado: 4 monedas, 2 enemigos, 0 elementos especiales
may 15, 2026 8:28:19 P.Â M. domain.GameLogger info
INFORMACIĂ“N: Juego iniciado en modo: Jugador vs Maquina
may 15, 2026 8:28:24 P.Â M. domain.GameLogger info
INFORMACIĂ“N: Colision entre jugadores!
may 15, 2026 8:28:26 P.Â M. domain.GameLogger info
INFORMACIĂ“N: Nivel 0 completado por Jugador 1
may 15, 2026 8:28:28 P.Â M. domain.GameLogger info
INFORMACIĂ“N: Nivel 'Nivel 1 - Tutorial' cargado: 4 monedas, 2 enemigos, 0 elementos especiales
may 15, 2026 8:28:28 P.Â M. domain.GameLogger info
INFORMACIĂ“N: Juego iniciado en modo: Jugador vs Maquina
may 15, 2026 8:28:32 P.Â M. domain.GameLogger info
INFORMACIĂ“N: Maquina murio. Muertes: 7
may 15, 2026 8:28:33 P.Â M. domain.GameLogger info
INFORMACIĂ“N: Nivel 0 completado por Jugador 1
may 15, 2026 8:28:36 P.Â M. domain.GameLogger info
INFORMACIĂ“N: Nivel 'Nivel 2 - Intermedio' cargado: 5 monedas, 3 enemigos, 1 elementos especiales
may 15, 2026 8:28:36 P.Â M. domain.GameLogger info
INFORMACIĂ“N: Maquina murio. Muertes: 8
may 15, 2026 8:28:39 P.Â M. domain.GameLogger info
INFORMACIĂ“N: Maquina murio. Muertes: 9
may 15, 2026 8:28:40 P.Â M. domain.GameLogger info
INFORMACIĂ“N: Fuente de vida recogida por Jugador 1
may 15, 2026 8:28:43 P.Â M. domain.GameLogger info
INFORMACIĂ“N: Maquina murio. Muertes: 10
may 15, 2026 8:28:46 P.Â M. domain.GameLogger info
INFORMACIĂ“N: Nivel 1 completado por Jugador 1
may 15, 2026 8:29:38 P.Â M. domain.GameLogger info
INFORMACIĂ“N: Nivel 'Nivel 1 - Tutorial' cargado: 4 monedas, 2 enemigos, 0 elementos especiales
may 15, 2026 8:29:38 P.Â M. domain.GameLogger info
INFORMACIĂ“N: Juego iniciado en modo: Jugador vs Jugador
may 15, 2026 8:29:42 P.Â M. domain.GameLogger info
INFORMACIĂ“N: Jugador 2 murio. Muertes: 1
may 15, 2026 8:29:46 P.Â M. domain.GameLogger info
INFORMACIĂ“N: Colision entre jugadores!
may 15, 2026 8:29:48 P.Â M. domain.GameLogger info
INFORMACIĂ“N: Colision entre jugadores!
may 15, 2026 8:29:52 P.Â M. domain.GameLogger info
INFORMACIĂ“N: Colision entre jugadores!
may 15, 2026 8:29:55 P.Â M. domain.GameLogger info
INFORMACIĂ“N: Colision entre jugadores!
may 15, 2026 8:30:02 P.Â M. domain.GameLogger info
INFORMACIĂ“N: Colision entre jugadores!
may 15, 2026 8:30:03 P.Â M. domain.GameLogger info
INFORMACIĂ“N: Colision entre jugadores!
may 15, 2026 8:30:04 P.Â M. domain.GameLogger info
INFORMACIĂ“N: Colision entre jugadores!
may 15, 2026 8:30:04 P.Â M. domain.GameLogger info
INFORMACIĂ“N: Colision entre jugadores!
may 15, 2026 8:30:04 P.Â M. domain.GameLogger info
INFORMACIĂ“N: Colision entre jugadores!
may 15, 2026 8:30:04 P.Â M. domain.GameLogger info
INFORMACIĂ“N: Colision entre jugadores!
may 15, 2026 8:30:04 P.Â M. domain.GameLogger info
INFORMACIĂ“N: Colision entre jugadores!
may 15, 2026 8:30:04 P.Â M. domain.GameLogger info
INFORMACIĂ“N: Colision entre jugadores!
may 15, 2026 8:30:04 P.Â M. domain.GameLogger info
INFORMACIĂ“N: Colision entre jugadores!
may 15, 2026 8:30:04 P.Â M. domain.GameLogger info
INFORMACIĂ“N: Colision entre jugadores!
may 15, 2026 8:30:04 P.Â M. domain.GameLogger info
INFORMACIĂ“N: Colision entre jugadores!
may 15, 2026 8:30:04 P.Â M. domain.GameLogger info
INFORMACIĂ“N: Colision entre jugadores!
may 15, 2026 8:30:04 P.Â M. domain.GameLogger info
INFORMACIĂ“N: Colision entre jugadores!
may 15, 2026 8:30:04 P.Â M. domain.GameLogger info
INFORMACIĂ“N: Colision entre jugadores!
may 15, 2026 8:30:04 P.Â M. domain.GameLogger info
INFORMACIĂ“N: Colision entre jugadores!
may 15, 2026 8:30:04 P.Â M. domain.GameLogger info
INFORMACIĂ“N: Colision entre jugadores!
may 15, 2026 8:30:04 P.Â M. domain.GameLogger info
INFORMACIĂ“N: Colision entre jugadores!
may 15, 2026 8:30:04 P.Â M. domain.GameLogger info
INFORMACIĂ“N: Colision entre jugadores!
may 15, 2026 8:30:04 P.Â M. domain.GameLogger info
INFORMACIĂ“N: Colision entre jugadores!
may 15, 2026 8:30:05 P.Â M. domain.GameLogger info
INFORMACIĂ“N: Colision entre jugadores!
may 15, 2026 8:30:06 P.Â M. domain.GameLogger info
INFORMACIĂ“N: Colision entre jugadores!
may 15, 2026 8:30:07 P.Â M. domain.GameLogger info
INFORMACIĂ“N: Colision entre jugadores!
may 15, 2026 8:30:07 P.Â M. domain.GameLogger info
INFORMACIĂ“N: Colision entre jugadores!
may 15, 2026 8:30:08 P.Â M. domain.GameLogger info
INFORMACIĂ“N: Colision entre jugadores!
may 15, 2026 8:30:08 P.Â M. domain.GameLogger info
INFORMACIĂ“N: Tiempo agotado en nivel 0
may 15, 2026 8:30:32 P.Â M. domain.GameLogger info
INFORMACIĂ“N: GameLogger inicializado correctamente
may 15, 2026 8:30:34 P.Â M. domain.GameLogger info
INFORMACIĂ“N: Nivel 'Nivel 1 - Tutorial' cargado: 4 monedas, 2 enemigos, 0 elementos especiales
may 15, 2026 8:30:34 P.Â M. domain.GameLogger info
INFORMACIĂ“N: Juego iniciado en modo: Jugador vs Maquina
may 15, 2026 8:30:36 P.Â M. domain.GameLogger info
INFORMACIĂ“N: Maquina murio. Muertes: 7
may 15, 2026 8:30:39 P.Â M. domain.GameLogger info
INFORMACIĂ“N: Jugador 1 murio. Muertes: 3
may 15, 2026 8:30:39 P.Â M. domain.GameLogger info
INFORMACIĂ“N: Maquina murio. Muertes: 8
may 15, 2026 8:30:42 P.Â M. domain.GameLogger info
INFORMACIĂ“N: Maquina murio. Muertes: 9
may 15, 2026 8:30:43 P.Â M. domain.GameLogger info
INFORMACIĂ“N: Colision entre jugadores!
may 15, 2026 8:30:44 P.Â M. domain.GameLogger info
INFORMACIĂ“N: Nivel 0 completado por Jugador 1
may 15, 2026 8:34:09 P.Â M. domain.GameLogger info
INFORMACIĂ“N: GameLogger inicializado correctamente
may 15, 2026 8:34:13 P.Â M. domain.GameLogger info
INFORMACIĂ“N: Nivel 'Nivel 1 - Tutorial' cargado: 4 monedas, 2 enemigos, 0 elementos especiales
may 15, 2026 8:34:13 P.Â M. domain.GameLogger info
INFORMACIĂ“N: Juego iniciado en modo: Un Jugador
may 15, 2026 8:34:20 P.Â M. domain.GameLogger info
INFORMACIĂ“N: Nivel 0 completado por Jugador 1
may 15, 2026 8:34:22 P.Â M. domain.GameLogger info
INFORMACIĂ“N: Nivel 'Nivel 2 - Intermedio' cargado: 5 monedas, 3 enemigos, 1 elementos especiales
may 15, 2026 8:34:27 P.Â M. domain.GameLogger info
INFORMACIĂ“N: Jugador 1 murio. Muertes: 1
may 15, 2026 8:34:29 P.Â M. domain.GameLogger info
INFORMACIĂ“N: Jugador 1 murio. Muertes: 2
may 15, 2026 8:34:32 P.Â M. domain.GameLogger info
INFORMACIĂ“N: Jugador 1 murio. Muertes: 3
may 15, 2026 8:34:35 P.Â M. domain.GameLogger info
INFORMACIĂ“N: Jugador 1 murio. Muertes: 4
may 15, 2026 8:36:38 P.Â M. domain.GameLogger info
INFORMACIĂ“N: GameLogger inicializado correctamente
may 15, 2026 8:36:44 P.Â M. domain.GameLogger info
INFORMACIĂ“N: Nivel 'Nivel 1 - Tutorial' cargado: 4 monedas, 2 enemigos, 0 elementos especiales
may 15, 2026 8:36:44 P.Â M. domain.GameLogger info
INFORMACIĂ“N: Juego iniciado en modo: Un Jugador
may 15, 2026 8:36:48 P.Â M. domain.GameLogger info
INFORMACIĂ“N: Nivel 0 completado por Jugador 1
may 15, 2026 8:36:50 P.Â M. domain.GameLogger info
INFORMACIĂ“N: Nivel 'Nivel 2 - Intermedio' cargado: 5 monedas, 3 enemigos, 1 elementos especiales
may 15, 2026 8:36:53 P.Â M. domain.GameLogger info
INFORMACIĂ“N: Fuente de vida recogida por Jugador 1
may 15, 2026 8:37:21 P.Â M. domain.GameLogger info
INFORMACIĂ“N: Jugador 1 murio. Muertes: 1
may 15, 2026 8:37:24 P.Â M. domain.GameLogger info
INFORMACIĂ“N: Jugador 1 murio. Muertes: 2
may 15, 2026 8:37:30 P.Â M. domain.GameLogger info
INFORMACIĂ“N: Nivel 1 completado por Jugador 1
may 15, 2026 8:37:39 P.Â M. domain.GameLogger info
INFORMACIĂ“N: Nivel 1 completado por Jugador 1
may 15, 2026 8:38:18 P.Â M. domain.GameLogger info
INFORMACIĂ“N: GameLogger inicializado correctamente
may 15, 2026 8:38:20 P.Â M. domain.GameLogger info
INFORMACIĂ“N: Nivel 'Nivel 1 - Tutorial' cargado: 4 monedas, 2 enemigos, 0 elementos especiales
may 15, 2026 8:38:20 P.Â M. domain.GameLogger info
INFORMACIĂ“N: Juego iniciado en modo: Un Jugador
may 15, 2026 8:38:24 P.Â M. domain.GameLogger info
INFORMACIĂ“N: Nivel 0 completado por Jugador 1
may 15, 2026 8:38:25 P.Â M. domain.GameLogger info
INFORMACIĂ“N: Nivel 'Nivel 2 - Intermedio' cargado: 5 monedas, 3 enemigos, 1 elementos especiales
may 15, 2026 8:39:25 P.Â M. domain.GameLogger info
INFORMACIĂ“N: Tiempo agotado en nivel 1
may 15, 2026 8:42:03 P.Â M. domain.GameLogger info
INFORMACIĂ“N: GameLogger inicializado correctamente
may 15, 2026 8:42:06 P.Â M. domain.GameLogger info
INFORMACIĂ“N: Nivel 'Nivel 1 - Tutorial' cargado: 4 monedas, 2 enemigos, 0 elementos especiales
may 15, 2026 8:42:06 P.Â M. domain.GameLogger info
INFORMACIĂ“N: Juego iniciado en modo: Un Jugador
may 15, 2026 8:42:11 P.Â M. domain.GameLogger info
INFORMACIĂ“N: Nivel 0 completado por Jugador 1
may 15, 2026 8:42:12 P.Â M. domain.GameLogger info
INFORMACIĂ“N: Nivel 'Nivel 2 - Intermedio' cargado: 5 monedas, 3 enemigos, 1 elementos especiales
may 15, 2026 8:42:16 P.Â M. domain.GameLogger info
INFORMACIĂ“N: Fuente de vida recogida por Jugador 1
may 15, 2026 8:42:22 P.Â M. domain.GameLogger info
INFORMACIĂ“N: Nivel 1 completado por Jugador 1
may 15, 2026 8:42:24 P.Â M. domain.GameLogger info
INFORMACIĂ“N: Nivel 'Nivel 3 - Dificil' cargado: 7 monedas, 6 enemigos, 1 elementos especiales
may 15, 2026 8:42:30 P.Â M. domain.GameLogger info
INFORMACIĂ“N: Jugador 1 murio. Muertes: 1
may 15, 2026 8:42:31 P.Â M. domain.GameLogger info
INFORMACIĂ“N: Bomba activada por Jugador 1
may 15, 2026 8:42:34 P.Â M. domain.GameLogger info
INFORMACIĂ“N: Jugador 1 murio. Muertes: 3
may 15, 2026 8:42:38 P.Â M. domain.GameLogger info
INFORMACIĂ“N: Nivel 2 completado por Jugador 1
may 15, 2026 8:42:39 P.Â M. domain.GameLogger info
INFORMACIĂ“N: Victoria! Todos los niveles completados
may 15, 2026 8:43:05 P.Â M. domain.GameLogger info
INFORMACIĂ“N: GameLogger inicializado correctamente
may 15, 2026 8:43:07 P.Â M. domain.GameLogger info
INFORMACIĂ“N: Nivel 'Nivel 1 - Tutorial' cargado: 4 monedas, 2 enemigos, 0 elementos especiales
may 15, 2026 8:43:07 P.Â M. domain.GameLogger info
INFORMACIĂ“N: Juego iniciado en modo: Un Jugador
may 15, 2026 8:43:10 P.Â M. domain.GameLogger info
INFORMACIĂ“N: Nivel 0 completado por Jugador 1
may 15, 2026 8:43:12 P.Â M. domain.GameLogger info
INFORMACIĂ“N: Nivel 'Nivel 2 - Intermedio' cargado: 5 monedas, 3 enemigos, 1 elementos especiales
may 15, 2026 8:43:16 P.Â M. domain.GameLogger info
INFORMACIĂ“N: Fuente de vida recogida por Jugador 1
may 15, 2026 8:43:35 P.Â M. domain.GameLogger info
INFORMACIĂ“N: Jugador 1 murio. Muertes: 1
may 15, 2026 8:43:37 P.Â M. domain.GameLogger info
INFORMACIĂ“N: Jugador 1 murio. Muertes: 2
may 15, 2026 8:43:39 P.Â M. domain.GameLogger info
INFORMACIĂ“N: Nivel 1 completado por Jugador 1
may 15, 2026 8:43:40 P.Â M. domain.GameLogger info
INFORMACIĂ“N: Nivel 'Nivel 3 - Dificil' cargado: 7 monedas, 6 enemigos, 1 elementos especiales
may 15, 2026 8:43:43 P.Â M. domain.GameLogger info
INFORMACIĂ“N: Jugador 1 murio. Muertes: 3
may 15, 2026 8:43:46 P.Â M. domain.GameLogger info
INFORMACIĂ“N: Jugador 1 murio. Muertes: 4
may 15, 2026 8:43:48 P.Â M. domain.GameLogger info
INFORMACIĂ“N: Jugador 1 murio. Muertes: 5
may 15, 2026 8:43:49 P.Â M. domain.GameLogger info
INFORMACIĂ“N: Jugador 1 murio. Muertes: 6
may 15, 2026 8:43:52 P.Â M. domain.GameLogger info
INFORMACIĂ“N: Bomba activada por Jugador 1
may 15, 2026 8:43:53 P.Â M. domain.GameLogger info
INFORMACIĂ“N: Jugador 1 murio. Muertes: 8
may 15, 2026 8:43:54 P.Â M. domain.GameLogger info
INFORMACIĂ“N: Jugador 1 murio. Muertes: 9
may 15, 2026 8:43:55 P.Â M. domain.GameLogger info
INFORMACIĂ“N: Jugador 1 murio. Muertes: 10
may 15, 2026 8:44:00 P.Â M. domain.GameLogger info
INFORMACIĂ“N: Jugador 1 murio. Muertes: 11
may 15, 2026 8:44:04 P.Â M. domain.GameLogger info
INFORMACIĂ“N: Nivel 2 completado por Jugador 1
may 15, 2026 8:44:23 P.Â M. domain.GameLogger info
INFORMACIĂ“N: GameLogger inicializado correctamente
may 15, 2026 8:44:37 P.Â M. domain.GameLogger info
INFORMACIĂ“N: Nivel 'Nivel 1 - Tutorial' cargado: 4 monedas, 2 enemigos, 0 elementos especiales
may 15, 2026 8:44:37 P.Â M. domain.GameLogger info
INFORMACIĂ“N: Juego iniciado en modo: Un Jugador
may 15, 2026 8:44:49 P.Â M. domain.GameLogger info
INFORMACIĂ“N: Nivel 0 completado por Jugador 1
may 15, 2026 8:44:51 P.Â M. domain.GameLogger info
INFORMACIĂ“N: Nivel 'Nivel 2 - Intermedio' cargado: 5 monedas, 3 enemigos, 1 elementos especiales
may 15, 2026 8:44:57 P.Â M. domain.GameLogger info
INFORMACIĂ“N: Fuente de vida recogida por Jugador 1
may 15, 2026 8:45:18 P.Â M. domain.GameLogger info
INFORMACIĂ“N: Jugador 1 murio. Muertes: 1
may 15, 2026 8:45:20 P.Â M. domain.GameLogger info
INFORMACIĂ“N: Nivel 1 completado por Jugador 1
may 15, 2026 8:45:22 P.Â M. domain.GameLogger info
INFORMACIĂ“N: Nivel 'Nivel 3 - Dificil' cargado: 7 monedas, 6 enemigos, 1 elementos especiales
may 18, 2026 7:42:12 P.Â M. domain.GameLogger info
INFORMACIĂ“N: GameLogger inicializado correctamente
may 18, 2026 7:42:15 P.Â M. domain.GameLogger info
INFORMACIĂ“N: Nivel 'Nivel 1 - Tutorial' cargado: 4 monedas, 2 enemigos, 0 elementos especiales
may 18, 2026 7:42:15 P.Â M. domain.GameLogger info
INFORMACIĂ“N: Juego iniciado en modo: Un Jugador
may 18, 2026 7:42:21 P.Â M. domain.GameLogger info
INFORMACIĂ“N: Jugador 1 murio. Muertes: 1
may 18, 2026 7:42:22 P.Â M. domain.GameLogger info
INFORMACIĂ“N: Jugador 1 murio. Muertes: 2
may 18, 2026 7:42:24 P.Â M. domain.GameLogger info
INFORMACIĂ“N: Nivel 0 completado por Jugador 1
may 18, 2026 7:42:25 P.Â M. domain.GameLogger info
INFORMACIĂ“N: Nivel 'Nivel 2 - Intermedio' cargado: 5 monedas, 3 enemigos, 1 elementos especiales
may 18, 2026 7:42:30 P.Â M. domain.GameLogger info
INFORMACIĂ“N: Jugador 1 murio. Muertes: 3
may 18, 2026 7:42:32 P.Â M. domain.GameLogger info
INFORMACIĂ“N: Jugador 1 murio. Muertes: 4
may 18, 2026 7:42:34 P.Â M. domain.GameLogger info
INFORMACIĂ“N: Jugador 1 murio. Muertes: 5
may 18, 2026 7:42:35 P.Â M. domain.GameLogger info
INFORMACIĂ“N: Jugador 1 murio. Muertes: 6
may 18, 2026 7:42:37 P.Â M. domain.GameLogger info
INFORMACIĂ“N: Nivel 1 completado por Jugador 1
may 18, 2026 7:42:38 P.Â M. domain.GameLogger info
INFORMACIĂ“N: Nivel 'Nivel 3 - Dificil' cargado: 7 monedas, 6 enemigos, 1 elementos especiales
may 18, 2026 7:42:39 P.Â M. domain.GameLogger info
INFORMACIĂ“N: Jugador 1 murio. Muertes: 7
may 18, 2026 7:42:41 P.Â M. domain.GameLogger info
INFORMACIĂ“N: Jugador 1 murio. Muertes: 8
may 18, 2026 7:42:45 P.Â M. domain.GameLogger info
INFORMACIĂ“N: Jugador 1 murio. Muertes: 9
may 18, 2026 7:42:46 P.Â M. domain.GameLogger info
INFORMACIĂ“N: Jugador 1 murio. Muertes: 10
may 18, 2026 7:42:49 P.Â M. domain.GameLogger info
INFORMACIĂ“N: Jugador 1 murio. Muertes: 11
may 18, 2026 7:42:50 P.Â M. domain.GameLogger info
INFORMACIĂ“N: Jugador 1 murio. Muertes: 12
may 18, 2026 7:42:50 P.Â M. domain.GameLogger info
INFORMACIĂ“N: Bomba activada por Jugador 1
may 18, 2026 7:42:53 P.Â M. domain.GameLogger info
INFORMACIĂ“N: Jugador 1 murio. Muertes: 13
may 18, 2026 7:42:54 P.Â M. domain.GameLogger info
INFORMACIĂ“N: Jugador 1 murio. Muertes: 14
may 18, 2026 7:42:54 P.Â M. domain.GameLogger info
INFORMACIĂ“N: Jugador 1 murio. Muertes: 15
may 18, 2026 7:42:55 P.Â M. domain.GameLogger info
INFORMACIĂ“N: Nivel 2 completado por Jugador 1
may 18, 2026 7:48:09 P.Â M. domain.GameLogger info
INFORMACIĂ“N: GameLogger inicializado correctamente
may 18, 2026 7:49:44 P.Â M. domain.GameLogger info
INFORMACIĂ“N: Nivel 'Nivel 1 - Tutorial' cargado: 4 monedas, 2 enemigos, 0 elementos especiales
may 18, 2026 7:49:44 P.Â M. domain.GameLogger info
INFORMACIĂ“N: Juego iniciado en modo: Un Jugador
may 18, 2026 7:49:51 P.Â M. domain.GameLogger info
INFORMACIĂ“N: Jugador 1 murio. Muertes: 1
may 18, 2026 7:49:53 P.Â M. domain.GameLogger info
INFORMACIĂ“N: Nivel 0 completado por Jugador 1
may 18, 2026 7:49:55 P.Â M. domain.GameLogger info
INFORMACIĂ“N: Nivel 'Nivel 2 - Intermedio' cargado: 5 monedas, 3 enemigos, 1 elementos especiales
may 18, 2026 7:49:56 P.Â M. domain.GameLogger info
INFORMACIĂ“N: Jugador 1 murio. Muertes: 2
may 18, 2026 7:49:58 P.Â M. domain.GameLogger info
INFORMACIĂ“N: Jugador 1 murio. Muertes: 3
may 18, 2026 7:49:59 P.Â M. domain.GameLogger info
INFORMACIĂ“N: Fuente de vida recogida por Jugador 1
may 18, 2026 7:50:18 P.Â M. domain.GameLogger info
INFORMACIĂ“N: Nivel 1 completado por Jugador 1
may 18, 2026 7:50:19 P.Â M. domain.GameLogger info
INFORMACIĂ“N: Nivel 'Nivel 3 - Dificil' cargado: 7 monedas, 6 enemigos, 1 elementos especiales
may 18, 2026 7:50:23 P.Â M. domain.GameLogger info
INFORMACIĂ“N: Jugador 1 murio. Muertes: 4
may 18, 2026 7:50:31 P.Â M. domain.GameLogger info
INFORMACIĂ“N: Bomba activada por Jugador 1
may 18, 2026 7:50:40 P.Â M. domain.GameLogger info
INFORMACIĂ“N: Nivel 2 completado por Jugador 1
may 18, 2026 7:50:42 P.Â M. domain.GameLogger info
INFORMACIĂ“N: Victoria! Todos los niveles completados
may 18, 2026 7:50:50 P.Â M. domain.GameLogger info
INFORMACIĂ“N: Nivel 'Nivel 1 - Tutorial' cargado: 4 monedas, 2 enemigos, 0 elementos especiales
may 18, 2026 7:50:50 P.Â M. domain.GameLogger info
INFORMACIĂ“N: Juego iniciado en modo: Jugador vs Jugador
may 18, 2026 7:50:53 P.Â M. domain.GameLogger info
INFORMACIĂ“N: Colision entre jugadores!
may 18, 2026 7:50:59 P.Â M. domain.GameLogger info
INFORMACIĂ“N: Nivel 0 completado por Jugador 1
may 18, 2026 7:51:01 P.Â M. domain.GameLogger info
INFORMACIĂ“N: Nivel 'Nivel 2 - Intermedio' cargado: 5 monedas, 3 enemigos, 1 elementos especiales
may 18, 2026 7:51:05 P.Â M. domain.GameLogger info
INFORMACIĂ“N: Fuente de vida recogida por Jugador 1
may 18, 2026 7:51:05 P.Â M. domain.GameLogger info
INFORMACIĂ“N: Jugador 2 murio. Muertes: 2
may 18, 2026 7:51:07 P.Â M. domain.GameLogger info
INFORMACIĂ“N: Jugador 2 murio. Muertes: 3
may 18, 2026 7:51:11 P.Â M. domain.GameLogger info
INFORMACIĂ“N: Nivel 1 completado por Jugador 2
may 18, 2026 7:51:12 P.Â M. domain.GameLogger info
INFORMACIĂ“N: Nivel 'Nivel 3 - Dificil' cargado: 7 monedas, 6 enemigos, 1 elementos especiales
may 18, 2026 7:51:17 P.Â M. domain.GameLogger info
INFORMACIĂ“N: Bomba activada por Jugador 2
may 18, 2026 7:51:22 P.Â M. domain.GameLogger info
INFORMACIĂ“N: Jugador 2 murio. Muertes: 5
may 18, 2026 7:51:24 P.Â M. domain.GameLogger info
INFORMACIĂ“N: Colision entre jugadores!
may 18, 2026 7:51:25 P.Â M. domain.GameLogger info
INFORMACIĂ“N: Jugador 2 murio. Muertes: 7
may 18, 2026 7:51:26 P.Â M. domain.GameLogger info
INFORMACIĂ“N: Jugador 2 murio. Muertes: 8
may 18, 2026 7:51:27 P.Â M. domain.GameLogger info
INFORMACIĂ“N: Nivel 2 completado por Jugador 2
may 18, 2026 7:51:30 P.Â M. domain.GameLogger info
INFORMACIĂ“N: Nivel 'Nivel 1 - Tutorial' cargado: 4 monedas, 2 enemigos, 0 elementos especiales
may 18, 2026 7:51:30 P.Â M. domain.GameLogger info
INFORMACIĂ“N: Juego iniciado en modo: Jugador vs Maquina
may 18, 2026 7:51:31 P.Â M. domain.GameLogger info
INFORMACIĂ“N: Maquina murio. Muertes: 1
may 18, 2026 7:51:36 P.Â M. domain.GameLogger info
INFORMACIĂ“N: Nivel 'Nivel 1 - Tutorial' cargado: 4 monedas, 2 enemigos, 0 elementos especiales
may 18, 2026 7:51:36 P.Â M. domain.GameLogger info
INFORMACIĂ“N: Juego iniciado en modo: Jugador vs Maquina
may 18, 2026 7:51:37 P.Â M. domain.GameLogger info
INFORMACIĂ“N: Maquina murio. Muertes: 1
may 18, 2026 7:51:38 P.Â M. domain.GameLogger info
INFORMACIĂ“N: Nivel 0 completado por Maquina
may 18, 2026 7:51:40 P.Â M. domain.GameLogger info
INFORMACIĂ“N: Nivel 'Nivel 2 - Intermedio' cargado: 5 monedas, 3 enemigos, 1 elementos especiales
may 18, 2026 7:51:42 P.Â M. domain.GameLogger info
INFORMACIĂ“N: Maquina murio. Muertes: 2
may 18, 2026 7:51:46 P.Â M. domain.GameLogger info
INFORMACIĂ“N: Fuente de vida recogida por Jugador 1
may 18, 2026 7:51:47 P.Â M. domain.GameLogger info
INFORMACIĂ“N: Colision entre jugadores!
may 18, 2026 7:51:47 P.Â M. domain.GameLogger info
INFORMACIĂ“N: Nivel 1 completado por Maquina
may 18, 2026 7:51:51 P.Â M. domain.GameLogger info
INFORMACIĂ“N: Nivel 'Nivel 3 - Dificil' cargado: 7 monedas, 6 enemigos, 1 elementos especiales
may 18, 2026 7:51:51 P.Â M. domain.GameLogger info
INFORMACIĂ“N: Maquina murio. Muertes: 4
may 18, 2026 7:51:53 P.Â M. domain.GameLogger info
INFORMACIĂ“N: Nivel 2 completado por Maquina
may 18, 2026 7:51:59 P.Â M. domain.GameLogger info
INFORMACIĂ“N: Nivel 'Nivel 1 - Tutorial' cargado: 4 monedas, 2 enemigos, 0 elementos especiales
may 18, 2026 7:51:59 P.Â M. domain.GameLogger info
INFORMACIĂ“N: Juego iniciado en modo: Un Jugador
may 18, 2026 7:52:26 P.Â M. domain.GameLogger info
INFORMACIĂ“N: Nivel 'Nivel 1 - Tutorial' cargado: 4 monedas, 2 enemigos, 0 elementos especiales
may 18, 2026 7:52:26 P.Â M. domain.GameLogger info
INFORMACIĂ“N: Juego iniciado en modo: Un Jugador
may 18, 2026 7:52:29 P.Â M. domain.GameLogger info
INFORMACIĂ“N: Nivel 0 completado por Jugador 1
may 18, 2026 7:52:30 P.Â M. domain.GameLogger info
INFORMACIĂ“N: Nivel 'Nivel 2 - Intermedio' cargado: 5 monedas, 3 enemigos, 1 elementos especiales
may 18, 2026 7:52:33 P.Â M. domain.GameLogger info
INFORMACIĂ“N: Fuente de vida recogida por Jugador 1
may 18, 2026 7:53:08 P.Â M. domain.GameLogger info
INFORMACIĂ“N: Jugador 1 murio. Muertes: 1
may 18, 2026 7:53:10 P.Â M. domain.GameLogger info
INFORMACIĂ“N: Nivel 1 completado por Jugador 1
may 18, 2026 7:53:11 P.Â M. domain.GameLogger info
INFORMACIĂ“N: Nivel 'Nivel 3 - Dificil' cargado: 7 monedas, 6 enemigos, 1 elementos especiales
may 18, 2026 7:53:19 P.Â M. domain.GameLogger info
INFORMACIĂ“N: Jugador 1 murio. Muertes: 2
may 18, 2026 7:53:19 P.Â M. domain.GameLogger info
INFORMACIĂ“N: Bomba activada por Jugador 1
may 18, 2026 7:53:20 P.Â M. domain.GameLogger info
INFORMACIĂ“N: Jugador 1 murio. Muertes: 3
may 18, 2026 7:53:21 P.Â M. domain.GameLogger info
INFORMACIĂ“N: Jugador 1 murio. Muertes: 4
may 18, 2026 7:53:22 P.Â M. domain.GameLogger info
INFORMACIĂ“N: Jugador 1 murio. Muertes: 5
may 18, 2026 7:53:23 P.Â M. domain.GameLogger info
INFORMACIĂ“N: Jugador 1 murio. Muertes: 6
may 18, 2026 7:53:23 P.Â M. domain.GameLogger info
INFORMACIĂ“N: Jugador 1 murio. Muertes: 7
may 18, 2026 7:53:27 P.Â M. domain.GameLogger info
INFORMACIĂ“N: Nivel 2 completado por Jugador 1
may 18, 2026 7:53:29 P.Â M. domain.GameLogger info
INFORMACIĂ“N: Victoria! Todos los niveles completados
may 18, 2026 7:55:07 P.Â M. domain.GameLogger info
INFORMACIĂ“N: Nivel 'Nivel 1 - Tutorial' cargado: 4 monedas, 2 enemigos, 0 elementos especiales
may 18, 2026 7:55:07 P.Â M. domain.GameLogger info
INFORMACIĂ“N: Juego iniciado en modo: Un Jugador
may 18, 2026 7:56:07 P.Â M. domain.GameLogger info
INFORMACIĂ“N: Nivel 0 completado por Jugador 1
may 18, 2026 7:56:08 P.Â M. domain.GameLogger info
INFORMACIĂ“N: Nivel 'Nivel 2 - Intermedio' cargado: 5 monedas, 3 enemigos, 1 elementos especiales
may 18, 2026 7:56:09 P.Â M. domain.GameLogger info
INFORMACIĂ“N: Jugador 1 murio. Muertes: 1
may 18, 2026 7:56:11 P.Â M. domain.GameLogger info
INFORMACIĂ“N: Fuente de vida recogida por Jugador 1
may 18, 2026 7:56:14 P.Â M. domain.GameLogger info
INFORMACIĂ“N: Nivel 1 completado por Jugador 1
may 18, 2026 7:56:15 P.Â M. domain.GameLogger info
INFORMACIĂ“N: Nivel 'Nivel 3 - Dificil' cargado: 7 monedas, 6 enemigos, 1 elementos especiales
may 18, 2026 7:56:30 P.Â M. domain.GameLogger info
INFORMACIĂ“N: Nivel 2 completado por Jugador 1
may 18, 2026 7:58:34 P.Â M. domain.GameLogger info
INFORMACIĂ“N: Nivel 'Nivel 1 - Tutorial' cargado: 4 monedas, 2 enemigos, 0 elementos especiales
may 18, 2026 7:58:34 P.Â M. domain.GameLogger info
INFORMACIĂ“N: Juego iniciado en modo: Jugador vs Jugador
may 18, 2026 7:58:46 P.Â M. domain.GameLogger info
INFORMACIĂ“N: Nivel 0 completado por Jugador 2
may 19, 2026 10:30:54 P.Â M. domain.GameLogger info
INFORMACIĂ“N: GameLogger inicializado correctamente
may 19, 2026 10:30:58 P.Â M. domain.GameLogger info
INFORMACIĂ“N: Nivel 'Nivel 1 - Tutorial' cargado: 4 monedas, 2 enemigos, 0 elementos especiales
may 19, 2026 10:30:58 P.Â M. domain.GameLogger info
INFORMACIĂ“N: Juego iniciado en modo: Un Jugador
may 19, 2026 10:31:25 P.Â M. domain.GameLogger info
INFORMACIĂ“N: GameLogger inicializado correctamente
may 19, 2026 10:31:29 P.Â M. domain.GameLogger info
INFORMACIĂ“N: Nivel 'Nivel 1 - Tutorial' cargado: 4 monedas, 2 enemigos, 0 elementos especiales
may 19, 2026 10:31:29 P.Â M. domain.GameLogger info
INFORMACIĂ“N: Juego iniciado en modo: Un Jugador
may 19, 2026 10:31:35 P.Â M. domain.GameLogger info
INFORMACIĂ“N: Jugador 1 murio. Muertes: 1
may 19, 2026 10:31:38 P.Â M. domain.GameLogger info
INFORMACIĂ“N: Nivel 0 completado por Jugador 1
may 19, 2026 10:31:39 P.Â M. domain.GameLogger info
INFORMACIĂ“N: Nivel 'Nivel 2 - Intermedio' cargado: 5 monedas, 3 enemigos, 1 elementos especiales
may 19, 2026 10:31:43 P.Â M. domain.GameLogger info
INFORMACIĂ“N: Fuente de vida recogida por Jugador 1
may 19, 2026 10:31:47 P.Â M. domain.GameLogger info
INFORMACIĂ“N: Nivel 1 completado por Jugador 1
may 19, 2026 10:31:49 P.Â M. domain.GameLogger info
INFORMACIĂ“N: Nivel 'Nivel 3 - Dificil' cargado: 7 monedas, 6 enemigos, 1 elementos especiales
may 19, 2026 10:31:51 P.Â M. domain.GameLogger info
INFORMACIĂ“N: Jugador 1 murio. Muertes: 2
may 19, 2026 10:31:55 P.Â M. domain.GameLogger info
INFORMACIĂ“N: Bomba activada por Jugador 1
may 19, 2026 10:31:57 P.Â M. domain.GameLogger info
INFORMACIĂ“N: Jugador 1 murio. Muertes: 4
may 19, 2026 10:31:58 P.Â M. domain.GameLogger info
INFORMACIĂ“N: Jugador 1 murio. Muertes: 5
may 19, 2026 10:31:59 P.Â M. domain.GameLogger info
INFORMACIĂ“N: Nivel 2 completado por Jugador 1
may 19, 2026 10:32:00 P.Â M. domain.GameLogger info
INFORMACIĂ“N: Victoria! Todos los niveles completados
may 19, 2026 10:33:48 P.Â M. domain.GameLogger info
INFORMACIĂ“N: GameLogger inicializado correctamente
may 19, 2026 10:33:50 P.Â M. domain.GameLogger info
INFORMACIĂ“N: Nivel 'Nivel 1 - Tutorial' cargado: 4 monedas, 2 enemigos, 0 elementos especiales
may 19, 2026 10:33:50 P.Â M. domain.GameLogger info
INFORMACIĂ“N: Juego iniciado en modo: Un Jugador
may 19, 2026 10:34:32 P.Â M. domain.GameLogger info
INFORMACIĂ“N: Nivel 0 completado por Jugador 1
may 19, 2026 10:34:33 P.Â M. domain.GameLogger info
INFORMACIĂ“N: Nivel 'Nivel 2 - Intermedio' cargado: 5 monedas, 3 enemigos, 1 elementos especiales
may 19, 2026 10:34:37 P.Â M. domain.GameLogger info
INFORMACIĂ“N: Fuente de vida recogida por Jugador 1
may 19, 2026 10:34:42 P.Â M. domain.GameLogger info
INFORMACIĂ“N: Nivel 1 completado por Jugador 1
may 19, 2026 10:34:43 P.Â M. domain.GameLogger info
INFORMACIĂ“N: Nivel 'Nivel 3 - Dificil' cargado: 7 monedas, 6 enemigos, 1 elementos especiales
may 19, 2026 10:34:46 P.Â M. domain.GameLogger info
INFORMACIĂ“N: Jugador 1 murio. Muertes: 1
may 19, 2026 10:34:49 P.Â M. domain.GameLogger info
INFORMACIĂ“N: Jugador 1 murio. Muertes: 2
may 19, 2026 10:34:52 P.Â M. domain.GameLogger info
INFORMACIĂ“N: Jugador 1 murio. Muertes: 3
may 19, 2026 10:34:52 P.Â M. domain.GameLogger info
INFORMACIĂ“N: Bomba activada por Jugador 1
may 19, 2026 10:34:57 P.Â M. domain.GameLogger info
INFORMACIĂ“N: Nivel 2 completado por Jugador 1
may 19, 2026 10:34:58 P.Â M. domain.GameLogger info
INFORMACIĂ“N: Victoria! Todos los niveles completados
may 19, 2026 10:35:01 P.Â M. domain.GameLogger info
INFORMACIĂ“N: Nivel 'Nivel 1 - Tutorial' cargado: 4 monedas, 2 enemigos, 0 elementos especiales
may 19, 2026 10:35:01 P.Â M. domain.GameLogger info
INFORMACIĂ“N: Juego iniciado en modo: Jugador vs Jugador
may 19, 2026 10:35:05 P.Â M. domain.GameLogger info
INFORMACIĂ“N: Colision entre jugadores!
may 19, 2026 10:35:07 P.Â M. domain.GameLogger info
INFORMACIĂ“N: Colision entre jugadores!
may 19, 2026 10:35:10 P.Â M. domain.GameLogger info
INFORMACIĂ“N: Colision entre jugadores!
may 19, 2026 10:35:11 P.Â M. domain.GameLogger info
INFORMACIĂ“N: Colision entre jugadores!
may 19, 2026 10:35:30 P.Â M. domain.GameLogger info
INFORMACIĂ“N: Colision entre jugadores!
may 19, 2026 10:35:31 P.Â M. domain.GameLogger info
INFORMACIĂ“N: Jugador 1 murio. Muertes: 5
may 19, 2026 10:35:33 P.Â M. domain.GameLogger info
INFORMACIĂ“N: Colision entre jugadores!
may 19, 2026 10:35:34 P.Â M. domain.GameLogger info
INFORMACIĂ“N: Colision entre jugadores!
may 19, 2026 10:35:35 P.Â M. domain.GameLogger info
INFORMACIĂ“N: Colision entre jugadores!
may 19, 2026 10:35:36 P.Â M. domain.GameLogger info
INFORMACIĂ“N: Colision entre jugadores!
may 19, 2026 10:35:39 P.Â M. domain.GameLogger info
INFORMACIĂ“N: Nivel 0 completado por Jugador 2
may 19, 2026 10:40:51 P.Â M. domain.GameLogger info
INFORMACIĂ“N: GameLogger inicializado correctamente
may 19, 2026 10:40:53 P.Â M. domain.GameLogger info
INFORMACIĂ“N: Nivel 'Nivel 1 - Tutorial' cargado: 4 monedas, 2 enemigos, 0 elementos especiales
may 19, 2026 10:40:53 P.Â M. domain.GameLogger info
INFORMACIĂ“N: Juego iniciado en modo: Un Jugador
may 21, 2026 6:37:19 P.Â M. domain.GameLogger info
INFORMACIĂ“N: GameLogger inicializado correctamente
may. 21, 2026 6:54:48 P.Â M. domain.GameLogger info
INFO: GameLogger inicializado correctamente
may. 21, 2026 6:54:57 P.Â M. domain.GameLogger info
INFO: Nivel 'Nivel 1 - Tutorial' cargado: 4 monedas, 2 enemigos, 0 elementos especiales
may. 21, 2026 6:54:57 P.Â M. domain.GameLogger info
INFO: Juego iniciado en modo: Un Jugador
may. 21, 2026 6:55:02 P.Â M. domain.GameLogger info
INFO: Nivel 0 completado por Jugador 1
may. 21, 2026 6:55:03 P.Â M. domain.GameLogger info
INFO: Nivel 'Nivel 2 - Intermedio' cargado: 5 monedas, 3 enemigos, 1 elementos especiales
may. 21, 2026 6:55:07 P.Â M. domain.GameLogger info
INFO: Fuente de vida recogida por Jugador 1
may. 21, 2026 6:55:12 P.Â M. domain.GameLogger info
INFO: Nivel 1 completado por Jugador 1
may. 21, 2026 6:55:16 P.Â M. domain.GameLogger info
INFO: Nivel 'Nivel 3 - Dificil' cargado: 7 monedas, 6 enemigos, 1 elementos especiales
may. 21, 2026 6:55:25 P.Â M. domain.GameLogger info
INFO: Bomba activada por Jugador 1
may. 21, 2026 6:55:27 P.Â M. domain.GameLogger info
INFO: Jugador 1 murio. Muertes: 2
may. 21, 2026 6:55:30 P.Â M. domain.GameLogger info
INFO: Nivel 2 completado por Jugador 1
may. 21, 2026 6:55:31 P.Â M. domain.GameLogger info
INFO: Victoria! Todos los niveles completados
may. 21, 2026 6:55:36 P.Â M. domain.GameLogger info
INFO: Nivel 'Nivel 1 - Tutorial' cargado: 4 monedas, 2 enemigos, 0 elementos especiales
may. 21, 2026 6:55:36 P.Â M. domain.GameLogger info
INFO: Juego iniciado en modo: Un Jugador
may. 21, 2026 6:55:40 P.Â M. domain.GameLogger info
INFO: Nivel 'Nivel 1 - Tutorial' cargado: 4 monedas, 2 enemigos, 0 elementos especiales
may. 21, 2026 6:55:40 P.Â M. domain.GameLogger info
INFO: Juego iniciado en modo: Un Jugador
may. 21, 2026 6:56:26 P.Â M. domain.GameLogger info
INFO: Nivel 0 completado por Jugador 1
may. 21, 2026 6:56:27 P.Â M. domain.GameLogger info
INFO: Nivel 'Nivel 2 - Intermedio' cargado: 5 monedas, 3 enemigos, 1 elementos especiales
may. 21, 2026 6:56:46 P.Â M. domain.GameLogger info
INFO: Nivel 'Nivel 1 - Tutorial' cargado: 4 monedas, 2 enemigos, 0 elementos especiales
may. 21, 2026 6:56:50 P.Â M. domain.GameLogger info
INFO: Nivel 'Nivel 1 - Tutorial' cargado: 4 monedas, 2 enemigos, 0 elementos especiales
may. 21, 2026 6:56:50 P.Â M. domain.GameLogger info
INFO: Juego iniciado en modo: Un Jugador
may. 21, 2026 6:57:08 P.Â M. domain.GameLogger info
INFO: Nivel 'Nivel 1 - Tutorial' cargado: 4 monedas, 2 enemigos, 0 elementos especiales
may. 21, 2026 6:57:12 P.Â M. domain.GameLogger info
INFO: Nivel 0 completado por Jugador 1
may. 21, 2026 6:57:13 P.Â M. domain.GameLogger info
INFO: Nivel 'Nivel 2 - Intermedio' cargado: 5 monedas, 3 enemigos, 1 elementos especiales
may. 21, 2026 6:57:37 P.Â M. domain.GameLogger info
INFO: Nivel 'Nivel 2 - Intermedio' cargado: 5 monedas, 3 enemigos, 1 elementos especiales
may. 21, 2026 7:43:24 P.Â M. domain.GameLogger info
INFO: GameLogger inicializado correctamente
may. 21, 2026 7:45:25 P.Â M. domain.GameLogger info
INFO: Nivel 'Nivel 1 - Tutorial' cargado: 4 monedas, 2 enemigos, 0 elementos especiales
may. 21, 2026 7:45:25 P.Â M. domain.GameLogger info
INFO: Juego iniciado en modo: Un Jugador
may. 21, 2026 7:45:34 P.Â M. domain.GameLogger info
INFO: Nivel 0 completado por Jugador 1
may. 21, 2026 7:45:39 P.Â M. domain.GameLogger info
INFO: Nivel 'Nivel 1 - Tutorial' cargado: 4 monedas, 2 enemigos, 0 elementos especiales
may. 21, 2026 7:45:39 P.Â M. domain.GameLogger info
INFO: Juego iniciado en modo: Un Jugador
may. 21, 2026 7:45:54 P.Â M. domain.GameLogger info
INFO: Nivel 0 completado por Jugador 1
may. 21, 2026 7:45:55 P.Â M. domain.GameLogger info
INFO: Nivel 'Nivel 2 - Intermedio' cargado: 5 monedas, 3 enemigos, 1 elementos especiales
may. 21, 2026 7:46:00 P.Â M. domain.GameLogger info
INFO: Jugador 1 murio. Muertes: 1
may. 21, 2026 7:46:16 P.Â M. domain.GameLogger info
INFO: Nivel 1 completado por Jugador 1
may. 21, 2026 7:46:18 P.Â M. domain.GameLogger info
INFO: Nivel 'Nivel 3 - Dificil' cargado: 7 monedas, 6 enemigos, 1 elementos especiales
may. 21, 2026 7:46:28 P.Â M. domain.GameLogger info
INFO: Bomba activada por Jugador 1
may. 21, 2026 7:46:35 P.Â M. domain.GameLogger info
INFO: Jugador 1 murio. Muertes: 3
may. 21, 2026 7:46:39 P.Â M. domain.GameLogger info
INFO: Nivel 2 completado por Jugador 1
may. 21, 2026 7:46:41 P.Â M. domain.GameLogger info
INFO: Victoria! Todos los niveles completados
may. 21, 2026 7:47:01 P.Â M. domain.GameLogger info
INFO: Nivel 'Nivel 1 - Tutorial' cargado: 4 monedas, 2 enemigos, 0 elementos especiales
may. 21, 2026 7:47:01 P.Â M. domain.GameLogger info
INFO: Juego iniciado en modo: Jugador vs Jugador
may. 21, 2026 7:47:03 P.Â M. domain.GameLogger info
INFO: Colision entre jugadores!
may. 21, 2026 7:47:05 P.Â M. domain.GameLogger info
INFO: Colision entre jugadores!
may. 21, 2026 7:47:09 P.Â M. domain.GameLogger info
INFO: Colision entre jugadores!
may. 21, 2026 7:47:35 P.Â M. domain.GameLogger info
INFO: Nivel 'Nivel 1 - Tutorial' cargado: 4 monedas, 2 enemigos, 0 elementos especiales
may. 21, 2026 7:47:35 P.Â M. domain.GameLogger info
INFO: Juego iniciado en modo: Jugador vs Jugador
may. 21, 2026 7:47:59 P.Â M. domain.GameLogger info
INFO: Nivel 0 completado por Jugador 2
may. 21, 2026 7:48:06 P.Â M. domain.GameLogger info
INFO: Nivel 'Nivel 1 - Tutorial' cargado: 4 monedas, 2 enemigos, 0 elementos especiales
may. 21, 2026 7:48:06 P.Â M. domain.GameLogger info
INFO: Juego iniciado en modo: Jugador vs Jugador
may. 21, 2026 7:48:12 P.Â M. domain.GameLogger info
INFO: Colision entre jugadores!
may. 21, 2026 7:48:17 P.Â M. domain.GameLogger info
INFO: Colision entre jugadores!
may. 21, 2026 7:48:23 P.Â M. domain.GameLogger info
INFO: Colision entre jugadores!
may. 21, 2026 7:48:29 P.Â M. domain.GameLogger info
INFO: Colision entre jugadores!
may. 21, 2026 7:48:34 P.Â M. domain.GameLogger info
INFO: Colision entre jugadores!
may. 21, 2026 7:48:36 P.Â M. domain.GameLogger info
INFO: Tiempo agotado en nivel 0
may. 21, 2026 7:48:42 P.Â M. domain.GameLogger info
INFO: Nivel 'Nivel 1 - Tutorial' cargado: 4 monedas, 2 enemigos, 0 elementos especiales
may. 21, 2026 7:48:42 P.Â M. domain.GameLogger info
INFO: Juego iniciado en modo: Jugador vs Jugador
may. 21, 2026 7:48:48 P.Â M. domain.GameLogger info
INFO: Colision entre jugadores!
may. 21, 2026 7:48:54 P.Â M. domain.GameLogger info
INFO: Jugador 1 murio. Muertes: 2
may. 21, 2026 7:48:59 P.Â M. domain.GameLogger info
INFO: Colision entre jugadores!
may. 21, 2026 7:49:12 P.Â M. domain.GameLogger info
INFO: Tiempo agotado en nivel 0
may. 21, 2026 7:49:15 P.Â M. domain.GameLogger info
INFO: Nivel 'Nivel 1 - Tutorial' cargado: 4 monedas, 2 enemigos, 0 elementos especiales
may. 21, 2026 7:49:15 P.Â M. domain.GameLogger info
INFO: Juego iniciado en modo: Jugador vs Jugador
may. 21, 2026 7:49:25 P.Â M. domain.GameLogger info
INFO: Colision entre jugadores!
may. 21, 2026 7:49:32 P.Â M. domain.GameLogger info
INFO: Colision entre jugadores!
may. 21, 2026 7:49:44 P.Â M. domain.GameLogger info
INFO: Colision entre jugadores!
may. 21, 2026 7:49:45 P.Â M. domain.GameLogger info
INFO: Tiempo agotado en nivel 0
may. 21, 2026 7:49:49 P.Â M. domain.GameLogger info
INFO: Nivel 'Nivel 1 - Tutorial' cargado: 4 monedas, 2 enemigos, 0 elementos especiales
may. 21, 2026 7:49:49 P.Â M. domain.GameLogger info
INFO: Juego iniciado en modo: Jugador vs Jugador
may. 21, 2026 7:49:51 P.Â M. domain.GameLogger info
INFO: Colision entre jugadores!
may. 21, 2026 7:50:04 P.Â M. domain.GameLogger info
INFO: Nivel 'Nivel 1 - Tutorial' cargado: 4 monedas, 2 enemigos, 0 elementos especiales
may. 21, 2026 7:50:04 P.Â M. domain.GameLogger info
INFO: Juego iniciado en modo: Jugador vs Maquina
may. 21, 2026 7:50:11 P.Â M. domain.GameLogger info
INFO: Colision entre jugadores!
may. 21, 2026 7:50:14 P.Â M. domain.GameLogger info
INFO: Maquina murio. Muertes: 2
may. 21, 2026 7:50:15 P.Â M. domain.GameLogger info
INFO: Maquina murio. Muertes: 3
may. 21, 2026 7:50:21 P.Â M. domain.GameLogger info
INFO: Nivel 'Nivel 1 - Tutorial' cargado: 4 monedas, 2 enemigos, 0 elementos especiales
may. 21, 2026 7:50:21 P.Â M. domain.GameLogger info
INFO: Juego iniciado en modo: Jugador vs Maquina
may. 21, 2026 7:50:25 P.Â M. domain.GameLogger info
INFO: Nivel 0 completado por Maquina
may. 21, 2026 7:50:27 P.Â M. domain.GameLogger info
INFO: Nivel 'Nivel 2 - Intermedio' cargado: 5 monedas, 3 enemigos, 1 elementos especiales
may. 21, 2026 7:50:30 P.Â M. domain.GameLogger info
INFO: Maquina murio. Muertes: 1
may. 21, 2026 7:50:33 P.Â M. domain.GameLogger info
INFO: Jugador 1 murio. Muertes: 1
may. 21, 2026 7:50:34 P.Â M. domain.GameLogger info
INFO: Fuente de vida recogida por Jugador 1
may. 21, 2026 7:50:34 P.Â M. domain.GameLogger info
INFO: Maquina murio. Muertes: 2
may. 21, 2026 7:50:35 P.Â M. domain.GameLogger info
INFO: Nivel 1 completado por Maquina
may. 21, 2026 7:50:39 P.Â M. domain.GameLogger info
INFO: Nivel 'Nivel 3 - Dificil' cargado: 7 monedas, 6 enemigos, 1 elementos especiales
may. 21, 2026 7:50:40 P.Â M. domain.GameLogger info
INFO: Maquina murio. Muertes: 3
may. 21, 2026 7:50:44 P.Â M. domain.GameLogger info
INFO: Nivel 2 completado por Maquina
may. 21, 2026 7:50:45 P.Â M. domain.GameLogger info
INFO: Victoria! Todos los niveles completados
may. 21, 2026 7:51:01 P.Â M. domain.GameLogger info
INFO: Nivel 'Nivel 1 - Tutorial' cargado: 4 monedas, 2 enemigos, 0 elementos especiales
may. 21, 2026 7:51:01 P.Â M. domain.GameLogger info
INFO: Juego iniciado en modo: Un Jugador
may. 21, 2026 7:51:19 P.Â M. domain.GameLogger info
INFO: Nivel 0 completado por Jugador 1
may. 21, 2026 7:51:21 P.Â M. domain.GameLogger info
INFO: Nivel 'Nivel 2 - Intermedio' cargado: 5 monedas, 3 enemigos, 1 elementos especiales
may. 21, 2026 7:51:59 P.Â M. domain.GameLogger info
INFO: Nivel 'Nivel 1 - Tutorial' cargado: 4 monedas, 2 enemigos, 0 elementos especiales
may. 21, 2026 7:52:25 P.Â M. domain.GameLogger info
INFO: Tiempo agotado en nivel 0
may. 21, 2026 7:52:30 P.Â M. domain.GameLogger info
INFO: Nivel 'Nivel 2 - Intermedio' cargado: 5 monedas, 3 enemigos, 1 elementos especiales
may. 21, 2026 7:52:33 P.Â M. domain.GameLogger info
INFO: Fuente de vida recogida por Jugador 1
may. 21, 2026 7:52:43 P.Â M. domain.GameLogger info
INFO: Nivel 1 completado por Jugador 1
may. 21, 2026 7:52:46 P.Â M. domain.GameLogger info
INFO: Nivel 'Nivel 3 - Dificil' cargado: 7 monedas, 6 enemigos, 1 elementos especiales
may. 21, 2026 7:52:50 P.Â M. domain.GameLogger info
INFO: Jugador 1 murio. Muertes: 1
may. 21, 2026 7:53:09 P.Â M. domain.GameLogger info
INFO: Nivel 'Nivel 1 - Tutorial' cargado: 4 monedas, 2 enemigos, 0 elementos especiales
may. 21, 2026 7:53:17 P.Â M. domain.GameLogger info
INFO: Nivel 'Nivel 2 - Intermedio' cargado: 5 monedas, 3 enemigos, 1 elementos especiales
may. 21, 2026 7:53:49 P.Â M. domain.GameLogger info
INFO: Fuente de vida recogida por Jugador 1
may. 21, 2026 7:54:15 P.Â M. domain.GameLogger info
INFO: Tiempo agotado en nivel 1
may. 21, 2026 7:55:14 P.Â M. domain.GameLogger info
INFO: GameLogger inicializado correctamente
may. 21, 2026 7:55:17 P.Â M. domain.GameLogger info
INFO: Nivel 'Nivel 1 - Tutorial' cargado: 4 monedas, 2 enemigos, 0 elementos especiales
may. 21, 2026 7:55:17 P.Â M. domain.GameLogger info
INFO: Juego iniciado en modo: Un Jugador
may. 21, 2026 7:55:47 P.Â M. domain.GameLogger info
INFO: Tiempo agotado en nivel 0
may. 22, 2026 8:51:23 P.Â M. domain.GameLogger info
INFO: GameLogger inicializado correctamente
may. 22, 2026 8:51:28 P.Â M. domain.GameLogger info
INFO: Nivel 'Nivel 1 - Tutorial' cargado: 4 monedas, 2 enemigos, 0 elementos especiales
may. 22, 2026 8:51:28 P.Â M. domain.GameLogger info
INFO: Juego iniciado en modo: Un Jugador
may. 22, 2026 8:51:34 P.Â M. domain.GameLogger info
INFO: Nivel 0 completado por Jugador 1
may. 22, 2026 8:51:35 P.Â M. domain.GameLogger info
INFO: Nivel 'Nivel 2 - Intermedio' cargado: 5 monedas, 3 enemigos, 1 elementos especiales
may. 22, 2026 8:51:48 P.Â M. domain.GameLogger info
INFO: Nivel 'Nivel 2 - Intermedio' cargado: 5 monedas, 3 enemigos, 1 elementos especiales
may 22, 2026 9:46:52 P.Â M. domain.GameLogger info
INFORMACIĂ“N: GameLogger inicializado correctamente
may 22, 2026 9:46:56 P.Â M. domain.GameLogger info
INFORMACIĂ“N: Nivel 'Nivel 1 - Tutorial' cargado: 4 monedas, 2 enemigos, 0 elementos especiales
may 22, 2026 9:46:56 P.Â M. domain.GameLogger info
INFORMACIĂ“N: Juego iniciado en modo: Un Jugador
may 22, 2026 9:47:04 P.Â M. domain.GameLogger info
INFORMACIĂ“N: Nivel 0 completado por Jugador 1
may 22, 2026 9:47:05 P.Â M. domain.GameLogger info
INFORMACIĂ“N: Nivel 'Nivel 2 - Intermedio' cargado: 5 monedas, 3 enemigos, 1 elementos especiales
may 22, 2026 9:47:08 P.Â M. domain.GameLogger info
INFORMACIĂ“N: Nivel 'Nivel 2 - Intermedio' cargado: 5 monedas, 3 enemigos, 1 elementos especiales
may 22, 2026 9:47:27 P.Â M. domain.GameLogger info
INFORMACIĂ“N: GameLogger inicializado correctamente
may 22, 2026 9:47:30 P.Â M. domain.GameLogger info
INFORMACIĂ“N: Nivel 'Nivel 1 - Tutorial' cargado: 4 monedas, 2 enemigos, 0 elementos especiales
may 22, 2026 9:47:30 P.Â M. domain.GameLogger info
INFORMACIĂ“N: Juego iniciado en modo: Un Jugador
may 22, 2026 9:47:56 P.Â M. domain.GameLogger info
INFORMACIĂ“N: GameLogger inicializado correctamente
may 22, 2026 9:47:57 P.Â M. domain.GameLogger info
INFORMACIĂ“N: Nivel 'Nivel 1 - Tutorial' cargado: 4 monedas, 2 enemigos, 0 elementos especiales
may 22, 2026 9:47:57 P.Â M. domain.GameLogger info
INFORMACIĂ“N: Juego iniciado en modo: Un Jugador
